2025-09-30 22:15:16 [main] INFO  com.smartrent.SmartRentApplication - Starting SmartRentApplication using Java 17.0.16 with PID 16812 (D:\DATN\smartrent-backend\smart-rent\build\classes\java\main started by Dell in D:\DATN\smartrent-backend\smart-rent)
2025-09-30 22:15:16 [main] INFO  com.smartrent.SmartRentApplication - The following 1 profile is active: "local"
2025-09-30 22:15:20 [main] INFO  o.a.catalina.core.StandardService - Starting service [Tomcat]
2025-09-30 22:15:20 [main] INFO  o.a.catalina.core.StandardEngine - Starting Servlet engine: [Apache Tomcat/10.1.33]
2025-09-30 22:15:20 [main] INFO  o.a.c.c.C.[Tomcat].[localhost].[/] - Initializing Spring embedded WebApplicationContext
2025-09-30 22:15:22 [main] WARN  o.s.b.w.s.c.AnnotationConfigServletWebServerApplicationContext - Exception encountered during context initialization - cancelling refresh attempt: org.springframework.beans.factory.BeanCreationException: Error creating bean with name 'entityManagerFactory' defined in class path resource [org/springframework/boot/autoconfigure/orm/jpa/HibernateJpaConfiguration.class]: Failed to initialize dependency 'flywayInitializer' of LoadTimeWeaverAware bean 'entityManagerFactory': Error creating bean with name 'flywayInitializer' defined in class path resource [org/springframework/boot/autoconfigure/flyway/FlywayAutoConfiguration$FlywayConfiguration.class]: Unable to obtain connection from database: Communications link failure

The last packet sent successfully to the server was 0 milliseconds ago. The driver has not received any packets from the server.
--------------------------------------------------------------------------------------------------------------------------------------------------------------------------------------------------------
SQL State  : 08S01
Error Code : 0
Message    : Communications link failure

The last packet sent successfully to the server was 0 milliseconds ago. The driver has not received any packets from the server.

2025-09-30 22:15:22 [main] INFO  o.a.catalina.core.StandardService - Stopping service [Tomcat]
2025-09-30 22:15:23 [main] ERROR o.s.boot.SpringApplication - Application run failed
org.springframework.beans.factory.BeanCreationException: Error creating bean with name 'entityManagerFactory' defined in class path resource [org/springframework/boot/autoconfigure/orm/jpa/HibernateJpaConfiguration.class]: Failed to initialize dependency 'flywayInitializer' of LoadTimeWeaverAware bean 'entityManagerFactory': Error creating bean with name 'flywayInitializer' defined in class path resource [org/springframework/boot/autoconfigure/flyway/FlywayAutoConfiguration$FlywayConfiguration.class]: Unable to obtain connection from database: Communications link failure

The last packet sent successfully to the server was 0 milliseconds ago. The driver has not received any packets from the server.
--------------------------------------------------------------------------------------------------------------------------------------------------------------------------------------------------------
SQL State  : 08S01
Error Code : 0
Message    : Communications link failure

The last packet sent successfully to the server was 0 milliseconds ago. The driver has not received any packets from the server.

	at org.springframework.beans.factory.support.AbstractBeanFactory.doGetBean(AbstractBeanFactory.java:325)
	at org.springframework.beans.factory.support.AbstractBeanFactory.getBean(AbstractBeanFactory.java:204)
	at org.springframework.context.support.AbstractApplicationContext.finishBeanFactoryInitialization(AbstractApplicationContext.java:970)
	at org.springframework.context.support.AbstractApplicationContext.refresh(AbstractApplicationContext.java:627)
	at org.springframework.boot.web.servlet.context.ServletWebServerApplicationContext.refresh(ServletWebServerApplicationContext.java:146)
	at org.springframework.boot.SpringApplication.refresh(SpringApplication.java:752)
	at org.springframework.boot.SpringApplication.refreshContext(SpringApplication.java:439)
	at org.springframework.boot.SpringApplication.run(SpringApplication.java:318)
	at org.springframework.boot.SpringApplication.run(SpringApplication.java:1361)
	at org.springframework.boot.SpringApplication.run(SpringApplication.java:1350)
	at com.smartrent.SmartRentApplication.main(SmartRentApplication.java:12)
Caused by: org.springframework.beans.factory.BeanCreationException: Error creating bean with name 'flywayInitializer' defined in class path resource [org/springframework/boot/autoconfigure/flyway/FlywayAutoConfiguration$FlywayConfiguration.class]: Unable to obtain connection from database: Communications link failure

The last packet sent successfully to the server was 0 milliseconds ago. The driver has not received any packets from the server.
--------------------------------------------------------------------------------------------------------------------------------------------------------------------------------------------------------
SQL State  : 08S01
Error Code : 0
Message    : Communications link failure

The last packet sent successfully to the server was 0 milliseconds ago. The driver has not received any packets from the server.

	at org.springframework.beans.factory.support.AbstractAutowireCapableBeanFactory.initializeBean(AbstractAutowireCapableBeanFactory.java:1802)
	at org.springframework.beans.factory.support.AbstractAutowireCapableBeanFactory.doCreateBean(AbstractAutowireCapableBeanFactory.java:601)
	at org.springframework.beans.factory.support.AbstractAutowireCapableBeanFactory.createBean(AbstractAutowireCapableBeanFactory.java:523)
	at org.springframework.beans.factory.support.AbstractBeanFactory.lambda$doGetBean$0(AbstractBeanFactory.java:336)
	at org.springframework.beans.factory.support.DefaultSingletonBeanRegistry.getSingleton(DefaultSingletonBeanRegistry.java:288)
	at org.springframework.beans.factory.support.AbstractBeanFactory.doGetBean(AbstractBeanFactory.java:334)
	at org.springframework.beans.factory.support.AbstractBeanFactory.getBean(AbstractBeanFactory.java:199)
	at org.springframework.beans.factory.support.AbstractBeanFactory.doGetBean(AbstractBeanFactory.java:312)
	... 10 common frames omitted
Caused by: org.flywaydb.core.internal.exception.FlywaySqlException: Unable to obtain connection from database: Communications link failure

The last packet sent successfully to the server was 0 milliseconds ago. The driver has not received any packets from the server.
--------------------------------------------------------------------------------------------------------------------------------------------------------------------------------------------------------
SQL State  : 08S01
Error Code : 0
Message    : Communications link failure

The last packet sent successfully to the server was 0 milliseconds ago. The driver has not received any packets from the server.

	at org.flywaydb.core.internal.jdbc.JdbcUtils.openConnection(JdbcUtils.java:71)
	at org.flywaydb.core.internal.jdbc.JdbcConnectionFactory.<init>(JdbcConnectionFactory.java:76)
	at org.flywaydb.core.FlywayExecutor.execute(FlywayExecutor.java:137)
	at org.flywaydb.core.Flyway.migrate(Flyway.java:176)
	at org.springframework.boot.autoconfigure.flyway.FlywayMigrationInitializer.afterPropertiesSet(FlywayMigrationInitializer.java:66)
	at org.springframework.beans.factory.support.AbstractAutowireCapableBeanFactory.invokeInitMethods(AbstractAutowireCapableBeanFactory.java:1849)
	at org.springframework.beans.factory.support.AbstractAutowireCapableBeanFactory.initializeBean(AbstractAutowireCapableBeanFactory.java:1798)
	... 17 common frames omitted
Caused by: com.mysql.cj.jdbc.exceptions.CommunicationsException: Communications link failure

The last packet sent successfully to the server was 0 milliseconds ago. The driver has not received any packets from the server.
	at com.mysql.cj.jdbc.exceptions.SQLError.createCommunicationsException(SQLError.java:165)
	at com.mysql.cj.jdbc.exceptions.SQLExceptionsMapping.translateException(SQLExceptionsMapping.java:55)
	at com.mysql.cj.jdbc.ConnectionImpl.createNewIO(ConnectionImpl.java:837)
	at com.mysql.cj.jdbc.ConnectionImpl.<init>(ConnectionImpl.java:420)
	at com.mysql.cj.jdbc.ConnectionImpl.getInstance(ConnectionImpl.java:238)
	at com.mysql.cj.jdbc.NonRegisteringDriver.connect(NonRegisteringDriver.java:180)
	at com.zaxxer.hikari.util.DriverDataSource.getConnection(DriverDataSource.java:137)
	at com.zaxxer.hikari.pool.PoolBase.newConnection(PoolBase.java:360)
	at com.zaxxer.hikari.pool.PoolBase.newPoolEntry(PoolBase.java:202)
	at com.zaxxer.hikari.pool.HikariPool.createPoolEntry(HikariPool.java:461)
	at com.zaxxer.hikari.pool.HikariPool.checkFailFast(HikariPool.java:550)
	at com.zaxxer.hikari.pool.HikariPool.<init>(HikariPool.java:98)
	at com.zaxxer.hikari.HikariDataSource.getConnection(HikariDataSource.java:111)
	at org.flywaydb.core.internal.jdbc.JdbcUtils.openConnection(JdbcUtils.java:59)
	... 23 common frames omitted
Caused by: com.mysql.cj.exceptions.CJCommunicationsException: Communications link failure

The last packet sent successfully to the server was 0 milliseconds ago. The driver has not received any packets from the server.
	at java.base/jdk.internal.reflect.NativeConstructorAccessorImpl.newInstance0(Native Method)
	at java.base/jdk.internal.reflect.NativeConstructorAccessorImpl.newInstance(NativeConstructorAccessorImpl.java:77)
	at java.base/jdk.internal.reflect.DelegatingConstructorAccessorImpl.newInstance(DelegatingConstructorAccessorImpl.java:45)
	at java.base/java.lang.reflect.Constructor.newInstanceWithCaller(Constructor.java:500)
	at java.base/java.lang.reflect.Constructor.newInstance(Constructor.java:481)
	at com.mysql.cj.exceptions.ExceptionFactory.createException(ExceptionFactory.java:52)
	at com.mysql.cj.exceptions.ExceptionFactory.createException(ExceptionFactory.java:95)
	at com.mysql.cj.exceptions.ExceptionFactory.createException(ExceptionFactory.java:140)
	at com.mysql.cj.exceptions.ExceptionFactory.createCommunicationsException(ExceptionFactory.java:156)
	at com.mysql.cj.protocol.a.NativeSocketConnection.connect(NativeSocketConnection.java:79)
	at com.mysql.cj.NativeSession.connect(NativeSession.java:142)
	at com.mysql.cj.jdbc.ConnectionImpl.connectOneTryOnly(ConnectionImpl.java:961)
	at com.mysql.cj.jdbc.ConnectionImpl.createNewIO(ConnectionImpl.java:825)
	... 34 common frames omitted
Caused by: java.net.ConnectException: Connection refused: getsockopt
	at java.base/sun.nio.ch.Net.pollConnect(Native Method)
	at java.base/sun.nio.ch.Net.pollConnectNow(Net.java:672)
	at java.base/sun.nio.ch.NioSocketImpl.timedFinishConnect(NioSocketImpl.java:547)
	at java.base/sun.nio.ch.NioSocketImpl.connect(NioSocketImpl.java:602)
	at java.base/java.net.SocksSocketImpl.connect(SocksSocketImpl.java:327)
	at java.base/java.net.Socket.connect(Socket.java:633)
	at com.mysql.cj.protocol.StandardSocketFactory.connect(StandardSocketFactory.java:144)
	at com.mysql.cj.protocol.a.NativeSocketConnection.connect(NativeSocketConnection.java:53)
	... 37 common frames omitted
2025-09-30 22:15:45 [main] INFO  com.smartrent.SmartRentApplication - Starting SmartRentApplication using Java 17.0.16 with PID 29932 (D:\DATN\smartrent-backend\smart-rent\build\classes\java\main started by Dell in D:\DATN\smartrent-backend\smart-rent)
2025-09-30 22:15:45 [main] INFO  com.smartrent.SmartRentApplication - The following 1 profile is active: "local"
2025-09-30 22:15:48 [main] INFO  o.a.catalina.core.StandardService - Starting service [Tomcat]
2025-09-30 22:15:48 [main] INFO  o.a.catalina.core.StandardEngine - Starting Servlet engine: [Apache Tomcat/10.1.33]
2025-09-30 22:15:48 [main] INFO  o.a.c.c.C.[Tomcat].[localhost].[/] - Initializing Spring embedded WebApplicationContext
2025-09-30 22:15:49 [main] INFO  org.flywaydb.core.FlywayExecutor - Database: jdbc:mysql://localhost:3306/smartrent (MySQL 8.0)
2025-09-30 22:15:49 [main] INFO  o.f.core.internal.command.DbValidate - Successfully validated 9 migrations (execution time 00:00.064s)
2025-09-30 22:15:49 [main] INFO  o.f.core.internal.command.DbMigrate - Current version of schema `smartrent`: 9
2025-09-30 22:15:49 [main] WARN  o.f.core.internal.command.DbMigrate - Schema `smartrent` has a version (9) that is newer than the latest available migration (8) !
2025-09-30 22:15:49 [main] WARN  o.f.core.internal.command.DbMigrate - Schema `smartrent` contains a failed future migration to version 9 !
2025-09-30 22:15:49 [main] INFO  o.f.core.internal.command.DbMigrate - Schema `smartrent` is up to date. No migration necessary.
2025-09-30 22:15:49 [main] WARN  org.hibernate.orm.deprecation - HHH90000025: MySQL8Dialect does not need to be specified explicitly using 'hibernate.dialect' (remove the property setting and it will be selected by default)
2025-09-30 22:15:49 [main] WARN  org.hibernate.orm.deprecation - HHH90000026: MySQL8Dialect has been deprecated; use org.hibernate.dialect.MySQLDialect instead
2025-09-30 22:15:51 [main] INFO  c.s.c.c.CircuitBreakerConfig - Circuit breaker configuration loaded: failureRateThreshold=60%, waitDurationInOpenState=120s, slidingWindowSize=20, minimumNumberOfCalls=10, permittedCallsInHalfOpen=5, timeoutDuration=15s
2025-09-30 22:15:52 [main] INFO  c.s.s.e.i.ResilientEmailServiceImpl - Email retry configuration loaded: maxAttempts=3, baseWaitDuration=2000ms, exponentialMultiplier=2.0, jitterPercentage=0.25, minWaitDuration=1000ms
2025-09-30 22:15:56 [main] INFO  com.smartrent.SmartRentApplication - Started SmartRentApplication in 11.751 seconds (process running for 13.087)
2025-09-30 22:15:57 [RMI TCP Connection(6)-192.168.43.39] INFO  o.a.c.c.C.[Tomcat].[localhost].[/] - Initializing Spring DispatcherServlet 'dispatcherServlet'
2025-09-30 22:16:38 [http-nio-8080-exec-9] INFO  o.s.api.AbstractOpenApiResource - Init duration for springdoc-openapi is: 780 ms
2025-09-30 22:18:27 [http-nio-8080-exec-7] INFO  o.s.api.AbstractOpenApiResource - Init duration for springdoc-openapi is: 1056 ms
2025-09-30 22:25:24 [main] INFO  com.smartrent.SmartRentApplication - Starting SmartRentApplication using Java 17.0.16 with PID 19088 (D:\DATN\smartrent-backend\smart-rent\build\classes\java\main started by Dell in D:\DATN\smartrent-backend\smart-rent)
2025-09-30 22:25:24 [main] INFO  com.smartrent.SmartRentApplication - The following 1 profile is active: "local"
2025-09-30 22:25:26 [main] INFO  o.a.catalina.core.StandardService - Starting service [Tomcat]
2025-09-30 22:25:26 [main] INFO  o.a.catalina.core.StandardEngine - Starting Servlet engine: [Apache Tomcat/10.1.33]
2025-09-30 22:25:26 [main] INFO  o.a.c.c.C.[Tomcat].[localhost].[/] - Initializing Spring embedded WebApplicationContext
2025-09-30 22:25:27 [main] INFO  org.flywaydb.core.FlywayExecutor - Database: jdbc:mysql://localhost:3306/smartrent (MySQL 8.0)
2025-09-30 22:25:27 [main] INFO  o.f.core.internal.command.DbValidate - Successfully validated 9 migrations (execution time 00:00.065s)
2025-09-30 22:25:27 [main] INFO  o.f.core.internal.command.DbMigrate - Current version of schema `smartrent`: 9
2025-09-30 22:25:27 [main] WARN  o.f.core.internal.command.DbMigrate - Schema `smartrent` has a version (9) that is newer than the latest available migration (8) !
2025-09-30 22:25:27 [main] WARN  o.f.core.internal.command.DbMigrate - Schema `smartrent` contains a failed future migration to version 9 !
2025-09-30 22:25:27 [main] INFO  o.f.core.internal.command.DbMigrate - Schema `smartrent` is up to date. No migration necessary.
2025-09-30 22:25:28 [main] WARN  org.hibernate.orm.deprecation - HHH90000025: MySQL8Dialect does not need to be specified explicitly using 'hibernate.dialect' (remove the property setting and it will be selected by default)
2025-09-30 22:25:28 [main] WARN  org.hibernate.orm.deprecation - HHH90000026: MySQL8Dialect has been deprecated; use org.hibernate.dialect.MySQLDialect instead
2025-09-30 22:25:29 [main] INFO  c.s.c.c.CircuitBreakerConfig - Circuit breaker configuration loaded: failureRateThreshold=60%, waitDurationInOpenState=120s, slidingWindowSize=20, minimumNumberOfCalls=10, permittedCallsInHalfOpen=5, timeoutDuration=15s
2025-09-30 22:25:30 [main] INFO  c.s.s.e.i.ResilientEmailServiceImpl - Email retry configuration loaded: maxAttempts=3, baseWaitDuration=2000ms, exponentialMultiplier=2.0, jitterPercentage=0.25, minWaitDuration=1000ms
2025-09-30 22:25:33 [main] INFO  com.smartrent.SmartRentApplication - Started SmartRentApplication in 10.18 seconds (process running for 11.272)
2025-09-30 22:25:34 [RMI TCP Connection(4)-192.168.43.39] INFO  o.a.c.c.C.[Tomcat].[localhost].[/] - Initializing Spring DispatcherServlet 'dispatcherServlet'
2025-09-30 22:25:51 [http-nio-8080-exec-10] INFO  o.s.api.AbstractOpenApiResource - Init duration for springdoc-openapi is: 257 ms
2025-09-30 22:34:46 [http-nio-8080-exec-9] INFO  o.s.api.AbstractOpenApiResource - Init duration for springdoc-openapi is: 1009 ms
2025-09-30 22:35:10 [http-nio-8080-exec-5] INFO  o.s.api.AbstractOpenApiResource - Init duration for springdoc-openapi is: 402 ms
2025-09-30 22:42:42 [main] INFO  com.smartrent.SmartRentApplication - Starting SmartRentApplication using Java 17.0.16 with PID 22376 (D:\DATN\smartrent-backend\smart-rent\build\classes\java\main started by Dell in D:\DATN\smartrent-backend\smart-rent)
2025-09-30 22:42:42 [main] INFO  com.smartrent.SmartRentApplication - The following 1 profile is active: "local"
2025-09-30 22:42:44 [main] INFO  o.a.catalina.core.StandardService - Starting service [Tomcat]
2025-09-30 22:42:44 [main] INFO  o.a.catalina.core.StandardEngine - Starting Servlet engine: [Apache Tomcat/10.1.33]
2025-09-30 22:42:44 [main] INFO  o.a.c.c.C.[Tomcat].[localhost].[/] - Initializing Spring embedded WebApplicationContext
2025-09-30 22:42:44 [main] INFO  org.flywaydb.core.FlywayExecutor - Database: jdbc:mysql://localhost:3306/smartrent (MySQL 8.0)
2025-09-30 22:42:44 [main] INFO  o.f.core.internal.command.DbValidate - Successfully validated 9 migrations (execution time 00:00.047s)
2025-09-30 22:42:44 [main] INFO  o.f.core.internal.command.DbMigrate - Current version of schema `smartrent`: 9
2025-09-30 22:42:44 [main] WARN  o.f.core.internal.command.DbMigrate - Schema `smartrent` has a version (9) that is newer than the latest available migration (8) !
2025-09-30 22:42:44 [main] WARN  o.f.core.internal.command.DbMigrate - Schema `smartrent` contains a failed future migration to version 9 !
2025-09-30 22:42:44 [main] INFO  o.f.core.internal.command.DbMigrate - Schema `smartrent` is up to date. No migration necessary.
2025-09-30 22:42:45 [main] WARN  org.hibernate.orm.deprecation - HHH90000025: MySQL8Dialect does not need to be specified explicitly using 'hibernate.dialect' (remove the property setting and it will be selected by default)
2025-09-30 22:42:45 [main] WARN  org.hibernate.orm.deprecation - HHH90000026: MySQL8Dialect has been deprecated; use org.hibernate.dialect.MySQLDialect instead
2025-09-30 22:42:46 [main] INFO  c.s.c.c.CircuitBreakerConfig - Circuit breaker configuration loaded: failureRateThreshold=60%, waitDurationInOpenState=120s, slidingWindowSize=20, minimumNumberOfCalls=10, permittedCallsInHalfOpen=5, timeoutDuration=15s
2025-09-30 22:42:47 [main] INFO  c.s.s.e.i.ResilientEmailServiceImpl - Email retry configuration loaded: maxAttempts=3, baseWaitDuration=2000ms, exponentialMultiplier=2.0, jitterPercentage=0.25, minWaitDuration=1000ms
2025-09-30 22:42:50 [main] INFO  com.smartrent.SmartRentApplication - Started SmartRentApplication in 9.422 seconds (process running for 10.227)
2025-09-30 22:42:51 [RMI TCP Connection(3)-192.168.43.39] INFO  o.a.c.c.C.[Tomcat].[localhost].[/] - Initializing Spring DispatcherServlet 'dispatcherServlet'
2025-09-30 22:42:57 [http-nio-8080-exec-10] INFO  o.s.api.AbstractOpenApiResource - Init duration for springdoc-openapi is: 414 ms
2025-09-30 22:43:03 [http-nio-8080-exec-9] INFO  o.s.api.AbstractOpenApiResource - Init duration for springdoc-openapi is: 335 ms
2025-09-30 23:01:12 [main] INFO  com.smartrent.SmartRentApplication - Starting SmartRentApplication using Java 17.0.16 with PID 16896 (D:\DATN\smartrent-backend\smart-rent\build\classes\java\main started by Dell in D:\DATN\smartrent-backend\smart-rent)
2025-09-30 23:01:12 [main] INFO  com.smartrent.SmartRentApplication - The following 1 profile is active: "local"
2025-09-30 23:01:14 [main] INFO  o.a.catalina.core.StandardService - Starting service [Tomcat]
2025-09-30 23:01:14 [main] INFO  o.a.catalina.core.StandardEngine - Starting Servlet engine: [Apache Tomcat/10.1.33]
2025-09-30 23:01:14 [main] INFO  o.a.c.c.C.[Tomcat].[localhost].[/] - Initializing Spring embedded WebApplicationContext
2025-09-30 23:01:14 [main] INFO  org.flywaydb.core.FlywayExecutor - Database: jdbc:mysql://localhost:3306/smartrent (MySQL 8.0)
2025-09-30 23:01:14 [main] INFO  o.f.core.internal.command.DbValidate - Successfully validated 9 migrations (execution time 00:00.035s)
2025-09-30 23:01:14 [main] INFO  o.f.core.internal.command.DbMigrate - Current version of schema `smartrent`: 9
2025-09-30 23:01:14 [main] WARN  o.f.core.internal.command.DbMigrate - Schema `smartrent` has a version (9) that is newer than the latest available migration (8) !
2025-09-30 23:01:14 [main] WARN  o.f.core.internal.command.DbMigrate - Schema `smartrent` contains a failed future migration to version 9 !
2025-09-30 23:01:14 [main] INFO  o.f.core.internal.command.DbMigrate - Schema `smartrent` is up to date. No migration necessary.
2025-09-30 23:01:15 [main] WARN  org.hibernate.orm.deprecation - HHH90000025: MySQL8Dialect does not need to be specified explicitly using 'hibernate.dialect' (remove the property setting and it will be selected by default)
2025-09-30 23:01:15 [main] WARN  org.hibernate.orm.deprecation - HHH90000026: MySQL8Dialect has been deprecated; use org.hibernate.dialect.MySQLDialect instead
2025-09-30 23:01:16 [main] INFO  c.s.c.c.CircuitBreakerConfig - Circuit breaker configuration loaded: failureRateThreshold=60%, waitDurationInOpenState=120s, slidingWindowSize=20, minimumNumberOfCalls=10, permittedCallsInHalfOpen=5, timeoutDuration=15s
2025-09-30 23:01:17 [main] INFO  c.s.s.e.i.ResilientEmailServiceImpl - Email retry configuration loaded: maxAttempts=3, baseWaitDuration=2000ms, exponentialMultiplier=2.0, jitterPercentage=0.25, minWaitDuration=1000ms
2025-09-30 23:01:20 [main] INFO  com.smartrent.SmartRentApplication - Started SmartRentApplication in 9.063 seconds (process running for 10.184)
2025-09-30 23:01:20 [RMI TCP Connection(2)-192.168.43.39] INFO  o.a.c.c.C.[Tomcat].[localhost].[/] - Initializing Spring DispatcherServlet 'dispatcherServlet'
2025-09-30 23:02:11 [http-nio-8080-exec-9] INFO  o.s.api.AbstractOpenApiResource - Init duration for springdoc-openapi is: 378 ms
