2025-09-21 12:30:43 [main] INFO  com.smartrent.SmartRentApplication - Starting SmartRentApplication using Java 17.0.16 with PID 38400 (D:\DEV\DATN\smartrent-backend\smart-rent\build\classes\java\main started by ZjnT in D:\DEV\DATN\smartrent-backend)
2025-09-21 12:30:43 [main] INFO  com.smartrent.SmartRentApplication - The following 1 profile is active: "local"
2025-09-21 12:30:45 [main] INFO  o.a.catalina.core.StandardService - Starting service [Tomcat]
2025-09-21 12:30:45 [main] INFO  o.a.catalina.core.StandardEngine - Starting Servlet engine: [Apache Tomcat/10.1.33]
2025-09-21 12:30:45 [main] INFO  o.a.c.c.C.[Tomcat].[localhost].[/] - Initializing Spring embedded WebApplicationContext
2025-09-21 12:30:46 [main] INFO  org.flywaydb.core.FlywayExecutor - Database: jdbc:mysql://localhost:3306/smartrent (MySQL 8.0)
2025-09-21 12:30:46 [main] INFO  o.f.core.internal.command.DbValidate - Successfully validated 8 migrations (execution time 00:00.035s)
2025-09-21 12:30:46 [main] INFO  o.f.core.internal.command.DbMigrate - Current version of schema `smartrent`: 6
2025-09-21 12:30:46 [main] INFO  o.f.core.internal.command.DbMigrate - Migrating schema `smartrent` to version "7 - Create listings address category views table"
2025-09-21 12:30:48 [main] INFO  o.f.core.internal.command.DbMigrate - Migrating schema `smartrent` to version "8 - add is verify to listing and create address table"
2025-09-21 12:30:48 [main] INFO  o.f.core.internal.command.DbMigrate - Successfully applied 2 migrations to schema `smartrent`, now at version v8 (execution time 00:02.341s)
2025-09-21 12:30:49 [main] WARN  org.hibernate.orm.deprecation - HHH90000025: MySQL8Dialect does not need to be specified explicitly using 'hibernate.dialect' (remove the property setting and it will be selected by default)
2025-09-21 12:30:49 [main] WARN  org.hibernate.orm.deprecation - HHH90000026: MySQL8Dialect has been deprecated; use org.hibernate.dialect.MySQLDialect instead
2025-09-21 12:30:50 [main] INFO  c.s.c.c.CircuitBreakerConfig - Circuit breaker configuration loaded: failureRateThreshold=60%, waitDurationInOpenState=120s, slidingWindowSize=20, minimumNumberOfCalls=10, permittedCallsInHalfOpen=5, timeoutDuration=15s
2025-09-21 12:30:50 [main] WARN  o.s.b.w.s.c.AnnotationConfigServletWebServerApplicationContext - Exception encountered during context initialization - cancelling refresh attempt: org.springframework.beans.factory.UnsatisfiedDependencyException: Error creating bean with name 'customJwtDecoder' defined in file [D:\DEV\DATN\smartrent-backend\smart-rent\build\classes\java\main\com\smartrent\config\security\CustomJwtDecoder.class]: Unsatisfied dependency expressed through constructor parameter 0: Error creating bean with name 'AUTHENTICATION_SERVICE' defined in file [D:\DEV\DATN\smartrent-backend\smart-rent\build\classes\java\main\com\smartrent\service\authentication\impl\AuthenticationServiceImpl.class]: Unsatisfied dependency expressed through constructor parameter 4: Error creating bean with name 'verificationServiceImpl' defined in file [D:\DEV\DATN\smartrent-backend\smart-rent\build\classes\java\main\com\smartrent\service\authentication\impl\VerificationServiceImpl.class]: Unsatisfied dependency expressed through constructor parameter 2: Error creating bean with name 'VERIFICATION_EMAIL_SERVICE' defined in file [D:\DEV\DATN\smartrent-backend\smart-rent\build\classes\java\main\com\smartrent\service\email\impl\VerificationEmailServiceImpl.class]: Unsatisfied dependency expressed through constructor parameter 0: Error creating bean with name 'resilientEmailServiceImpl' defined in file [D:\DEV\DATN\smartrent-backend\smart-rent\build\classes\java\main\com\smartrent\service\email\impl\ResilientEmailServiceImpl.class]: Unsatisfied dependency expressed through constructor parameter 0: No qualifying bean of type 'com.smartrent.service.email.EmailService' available: expected single matching bean but found 2: brevoEmailServiceImpl,emailServiceImpl
2025-09-21 12:30:51 [main] INFO  o.a.catalina.core.StandardService - Stopping service [Tomcat]
2025-09-21 12:30:51 [main] ERROR o.s.b.d.LoggingFailureAnalysisReporter - 

***************************
APPLICATION FAILED TO START
***************************

Description:

Parameter 0 of constructor in com.smartrent.service.email.impl.ResilientEmailServiceImpl required a single bean, but 2 were found:
	- brevoEmailServiceImpl: defined in file [D:\DEV\DATN\smartrent-backend\smart-rent\build\classes\java\main\com\smartrent\service\email\impl\BrevoEmailServiceImpl.class]
	- emailServiceImpl: defined in file [D:\DEV\DATN\smartrent-backend\smart-rent\build\classes\java\main\com\smartrent\service\email\impl\EmailServiceImpl.class]

This may be due to missing parameter name information

Action:

Consider marking one of the beans as @Primary, updating the consumer to accept multiple beans, or using @Qualifier to identify the bean that should be consumed

Ensure that your compiler is configured to use the '-parameters' flag.
You may need to update both your build tool settings as well as your IDE.
(See https://github.com/spring-projects/spring-framework/wiki/Upgrading-to-Spring-Framework-6.x#parameter-name-retention)


2025-09-21 12:32:35 [main] INFO  com.smartrent.SmartRentApplication - Starting SmartRentApplication using Java 17.0.16 with PID 36924 (D:\DEV\DATN\smartrent-backend\smart-rent\build\classes\java\main started by ZjnT in D:\DEV\DATN\smartrent-backend)
2025-09-21 12:32:35 [main] INFO  com.smartrent.SmartRentApplication - The following 1 profile is active: "local"
2025-09-21 12:32:37 [main] INFO  o.a.catalina.core.StandardService - Starting service [Tomcat]
2025-09-21 12:32:37 [main] INFO  o.a.catalina.core.StandardEngine - Starting Servlet engine: [Apache Tomcat/10.1.33]
2025-09-21 12:32:37 [main] INFO  o.a.c.c.C.[Tomcat].[localhost].[/] - Initializing Spring embedded WebApplicationContext
2025-09-21 12:32:38 [main] INFO  org.flywaydb.core.FlywayExecutor - Database: jdbc:mysql://localhost:3306/smartrent (MySQL 8.0)
2025-09-21 12:32:38 [main] INFO  o.f.core.internal.command.DbValidate - Successfully validated 8 migrations (execution time 00:00.023s)
2025-09-21 12:32:38 [main] INFO  o.f.core.internal.command.DbMigrate - Current version of schema `smartrent`: 8
2025-09-21 12:32:38 [main] INFO  o.f.core.internal.command.DbMigrate - Schema `smartrent` is up to date. No migration necessary.
2025-09-21 12:32:38 [main] WARN  org.hibernate.orm.deprecation - HHH90000025: MySQL8Dialect does not need to be specified explicitly using 'hibernate.dialect' (remove the property setting and it will be selected by default)
2025-09-21 12:32:38 [main] WARN  org.hibernate.orm.deprecation - HHH90000026: MySQL8Dialect has been deprecated; use org.hibernate.dialect.MySQLDialect instead
2025-09-21 12:32:39 [main] INFO  c.s.c.c.CircuitBreakerConfig - Circuit breaker configuration loaded: failureRateThreshold=60%, waitDurationInOpenState=120s, slidingWindowSize=20, minimumNumberOfCalls=10, permittedCallsInHalfOpen=5, timeoutDuration=15s
2025-09-21 12:32:40 [main] INFO  c.s.s.e.i.ResilientEmailServiceImpl - Email retry configuration loaded: maxAttempts=3, baseWaitDuration=2000ms, exponentialMultiplier=2.0, jitterPercentage=0.25, minWaitDuration=1000ms
2025-09-21 12:32:40 [main] WARN  o.s.b.w.s.c.AnnotationConfigServletWebServerApplicationContext - Exception encountered during context initialization - cancelling refresh attempt: org.springframework.beans.factory.UnsatisfiedDependencyException: Error creating bean with name 'uploadController' defined in file [D:\DEV\DATN\smartrent-backend\smart-rent\build\classes\java\main\com\smartrent\controller\UploadController.class]: Unsatisfied dependency expressed through constructor parameter 0: Error creating bean with name 's3StorageService': Lookup method resolution failed
2025-09-21 12:32:40 [main] WARN  o.s.c.a.AnnotationConfigApplicationContext - Exception thrown from ApplicationListener handling ContextClosedEvent
org.springframework.beans.factory.BeanCreationNotAllowedException: Error creating bean with name 'applicationTaskExecutor': Singleton bean creation not allowed while singletons of this factory are in destruction (Do not request a bean from a BeanFactory in a destroy method implementation!)
	at org.springframework.beans.factory.support.DefaultSingletonBeanRegistry.getSingleton(DefaultSingletonBeanRegistry.java:274)
	at org.springframework.beans.factory.support.AbstractBeanFactory.doGetBean(AbstractBeanFactory.java:334)
	at org.springframework.beans.factory.support.AbstractBeanFactory.getBean(AbstractBeanFactory.java:204)
	at org.springframework.context.event.AbstractApplicationEventMulticaster.retrieveApplicationListeners(AbstractApplicationEventMulticaster.java:267)
	at org.springframework.context.event.AbstractApplicationEventMulticaster.getApplicationListeners(AbstractApplicationEventMulticaster.java:223)
	at org.springframework.context.event.SimpleApplicationEventMulticaster.multicastEvent(SimpleApplicationEventMulticaster.java:145)
	at org.springframework.context.support.AbstractApplicationContext.publishEvent(AbstractApplicationContext.java:454)
	at org.springframework.context.support.AbstractApplicationContext.publishEvent(AbstractApplicationContext.java:460)
	at org.springframework.context.support.AbstractApplicationContext.publishEvent(AbstractApplicationContext.java:387)
	at org.springframework.context.support.AbstractApplicationContext.doClose(AbstractApplicationContext.java:1163)
	at org.springframework.context.support.AbstractApplicationContext.close(AbstractApplicationContext.java:1126)
	at org.springframework.cloud.context.named.NamedContextFactory.destroy(NamedContextFactory.java:114)
	at org.springframework.beans.factory.support.DisposableBeanAdapter.destroy(DisposableBeanAdapter.java:211)
	at org.springframework.beans.factory.support.DefaultSingletonBeanRegistry.destroyBean(DefaultSingletonBeanRegistry.java:667)
	at org.springframework.beans.factory.support.DefaultSingletonBeanRegistry.destroySingleton(DefaultSingletonBeanRegistry.java:624)
	at org.springframework.beans.factory.support.DefaultListableBeanFactory.destroySingleton(DefaultListableBeanFactory.java:1363)
	at org.springframework.beans.factory.support.DefaultSingletonBeanRegistry.destroySingletons(DefaultSingletonBeanRegistry.java:583)
	at org.springframework.beans.factory.support.DefaultListableBeanFactory.destroySingletons(DefaultListableBeanFactory.java:1356)
	at org.springframework.context.support.AbstractApplicationContext.destroyBeans(AbstractApplicationContext.java:1219)
	at org.springframework.context.support.AbstractApplicationContext.refresh(AbstractApplicationContext.java:640)
	at org.springframework.boot.web.servlet.context.ServletWebServerApplicationContext.refresh(ServletWebServerApplicationContext.java:146)
	at org.springframework.boot.SpringApplication.refresh(SpringApplication.java:752)
	at org.springframework.boot.SpringApplication.refreshContext(SpringApplication.java:439)
	at org.springframework.boot.SpringApplication.run(SpringApplication.java:318)
	at org.springframework.boot.SpringApplication.run(SpringApplication.java:1361)
	at org.springframework.boot.SpringApplication.run(SpringApplication.java:1350)
	at com.smartrent.SmartRentApplication.main(SmartRentApplication.java:12)
2025-09-21 12:32:40 [main] INFO  o.a.catalina.core.StandardService - Stopping service [Tomcat]
2025-09-21 12:32:40 [main] ERROR o.s.boot.SpringApplication - Application run failed
org.springframework.beans.factory.UnsatisfiedDependencyException: Error creating bean with name 'uploadController' defined in file [D:\DEV\DATN\smartrent-backend\smart-rent\build\classes\java\main\com\smartrent\controller\UploadController.class]: Unsatisfied dependency expressed through constructor parameter 0: Error creating bean with name 's3StorageService': Lookup method resolution failed
	at org.springframework.beans.factory.support.ConstructorResolver.createArgumentArray(ConstructorResolver.java:804)
	at org.springframework.beans.factory.support.ConstructorResolver.autowireConstructor(ConstructorResolver.java:240)
	at org.springframework.beans.factory.support.AbstractAutowireCapableBeanFactory.autowireConstructor(AbstractAutowireCapableBeanFactory.java:1371)
	at org.springframework.beans.factory.support.AbstractAutowireCapableBeanFactory.createBeanInstance(AbstractAutowireCapableBeanFactory.java:1208)
	at org.springframework.beans.factory.support.AbstractAutowireCapableBeanFactory.doCreateBean(AbstractAutowireCapableBeanFactory.java:563)
	at org.springframework.beans.factory.support.AbstractAutowireCapableBeanFactory.createBean(AbstractAutowireCapableBeanFactory.java:523)
	at org.springframework.beans.factory.support.AbstractBeanFactory.lambda$doGetBean$0(AbstractBeanFactory.java:336)
	at org.springframework.beans.factory.support.DefaultSingletonBeanRegistry.getSingleton(DefaultSingletonBeanRegistry.java:288)
	at org.springframework.beans.factory.support.AbstractBeanFactory.doGetBean(AbstractBeanFactory.java:334)
	at org.springframework.beans.factory.support.AbstractBeanFactory.getBean(AbstractBeanFactory.java:199)
	at org.springframework.beans.factory.support.DefaultListableBeanFactory.instantiateSingleton(DefaultListableBeanFactory.java:1122)
	at org.springframework.beans.factory.support.DefaultListableBeanFactory.preInstantiateSingleton(DefaultListableBeanFactory.java:1093)
	at org.springframework.beans.factory.support.DefaultListableBeanFactory.preInstantiateSingletons(DefaultListableBeanFactory.java:1030)
	at org.springframework.context.support.AbstractApplicationContext.finishBeanFactoryInitialization(AbstractApplicationContext.java:987)
	at org.springframework.context.support.AbstractApplicationContext.refresh(AbstractApplicationContext.java:627)
	at org.springframework.boot.web.servlet.context.ServletWebServerApplicationContext.refresh(ServletWebServerApplicationContext.java:146)
	at org.springframework.boot.SpringApplication.refresh(SpringApplication.java:752)
	at org.springframework.boot.SpringApplication.refreshContext(SpringApplication.java:439)
	at org.springframework.boot.SpringApplication.run(SpringApplication.java:318)
	at org.springframework.boot.SpringApplication.run(SpringApplication.java:1361)
	at org.springframework.boot.SpringApplication.run(SpringApplication.java:1350)
	at com.smartrent.SmartRentApplication.main(SmartRentApplication.java:12)
Caused by: org.springframework.beans.factory.BeanCreationException: Error creating bean with name 's3StorageService': Lookup method resolution failed
	at org.springframework.beans.factory.annotation.AutowiredAnnotationBeanPostProcessor.checkLookupMethods(AutowiredAnnotationBeanPostProcessor.java:498)
	at org.springframework.beans.factory.annotation.AutowiredAnnotationBeanPostProcessor.determineCandidateConstructors(AutowiredAnnotationBeanPostProcessor.java:368)
	at org.springframework.beans.factory.support.AbstractAutowireCapableBeanFactory.determineConstructorsFromBeanPostProcessors(AbstractAutowireCapableBeanFactory.java:1310)
	at org.springframework.beans.factory.support.AbstractAutowireCapableBeanFactory.createBeanInstance(AbstractAutowireCapableBeanFactory.java:1205)
	at org.springframework.beans.factory.support.AbstractAutowireCapableBeanFactory.doCreateBean(AbstractAutowireCapableBeanFactory.java:563)
	at org.springframework.beans.factory.support.AbstractAutowireCapableBeanFactory.createBean(AbstractAutowireCapableBeanFactory.java:523)
	at org.springframework.beans.factory.support.AbstractBeanFactory.lambda$doGetBean$0(AbstractBeanFactory.java:336)
	at org.springframework.beans.factory.support.DefaultSingletonBeanRegistry.getSingleton(DefaultSingletonBeanRegistry.java:288)
	at org.springframework.beans.factory.support.AbstractBeanFactory.doGetBean(AbstractBeanFactory.java:334)
	at org.springframework.beans.factory.support.AbstractBeanFactory.getBean(AbstractBeanFactory.java:199)
	at org.springframework.beans.factory.config.DependencyDescriptor.resolveCandidate(DependencyDescriptor.java:254)
	at org.springframework.beans.factory.support.DefaultListableBeanFactory.doResolveDependency(DefaultListableBeanFactory.java:1626)
	at org.springframework.beans.factory.support.DefaultListableBeanFactory.resolveDependency(DefaultListableBeanFactory.java:1514)
	at org.springframework.beans.factory.support.ConstructorResolver.resolveAutowiredArgument(ConstructorResolver.java:913)
	at org.springframework.beans.factory.support.ConstructorResolver.createArgumentArray(ConstructorResolver.java:791)
	... 21 common frames omitted
Caused by: java.lang.IllegalStateException: Failed to introspect Class [com.smartrent.service.storage.S3StorageService] from ClassLoader [jdk.internal.loader.ClassLoaders$AppClassLoader@60e53b93]
	at org.springframework.util.ReflectionUtils.getDeclaredMethods(ReflectionUtils.java:483)
	at org.springframework.util.ReflectionUtils.doWithLocalMethods(ReflectionUtils.java:320)
	at org.springframework.beans.factory.annotation.AutowiredAnnotationBeanPostProcessor.checkLookupMethods(AutowiredAnnotationBeanPostProcessor.java:476)
	... 35 common frames omitted
Caused by: java.lang.NoClassDefFoundError: software/amazon/awssdk/auth/credentials/AwsCredentials
	at java.base/java.lang.Class.getDeclaredMethods0(Native Method)
	at java.base/java.lang.Class.privateGetDeclaredMethods(Class.java:3402)
	at java.base/java.lang.Class.getDeclaredMethods(Class.java:2504)
	at org.springframework.util.ReflectionUtils.getDeclaredMethods(ReflectionUtils.java:465)
	... 37 common frames omitted
Caused by: java.lang.ClassNotFoundException: software.amazon.awssdk.auth.credentials.AwsCredentials
	at java.base/jdk.internal.loader.BuiltinClassLoader.loadClass(BuiltinClassLoader.java:641)
	at java.base/jdk.internal.loader.ClassLoaders$AppClassLoader.loadClass(ClassLoaders.java:188)
	at java.base/java.lang.ClassLoader.loadClass(ClassLoader.java:525)
	... 41 common frames omitted
2025-09-21 12:33:11 [main] INFO  com.smartrent.SmartRentApplication - Starting SmartRentApplication using Java 17.0.16 with PID 31812 (D:\DEV\DATN\smartrent-backend\smart-rent\build\classes\java\main started by ZjnT in D:\DEV\DATN\smartrent-backend)
2025-09-21 12:33:11 [main] INFO  com.smartrent.SmartRentApplication - The following 1 profile is active: "local"
2025-09-21 12:33:12 [main] INFO  o.a.catalina.core.StandardService - Starting service [Tomcat]
2025-09-21 12:33:12 [main] INFO  o.a.catalina.core.StandardEngine - Starting Servlet engine: [Apache Tomcat/10.1.33]
2025-09-21 12:33:12 [main] INFO  o.a.c.c.C.[Tomcat].[localhost].[/] - Initializing Spring embedded WebApplicationContext
2025-09-21 12:33:13 [main] INFO  org.flywaydb.core.FlywayExecutor - Database: jdbc:mysql://localhost:3306/smartrent (MySQL 8.0)
2025-09-21 12:33:13 [main] INFO  o.f.core.internal.command.DbValidate - Successfully validated 8 migrations (execution time 00:00.024s)
2025-09-21 12:33:13 [main] INFO  o.f.core.internal.command.DbMigrate - Current version of schema `smartrent`: 8
2025-09-21 12:33:13 [main] INFO  o.f.core.internal.command.DbMigrate - Schema `smartrent` is up to date. No migration necessary.
2025-09-21 12:33:13 [main] WARN  org.hibernate.orm.deprecation - HHH90000025: MySQL8Dialect does not need to be specified explicitly using 'hibernate.dialect' (remove the property setting and it will be selected by default)
2025-09-21 12:33:13 [main] WARN  org.hibernate.orm.deprecation - HHH90000026: MySQL8Dialect has been deprecated; use org.hibernate.dialect.MySQLDialect instead
2025-09-21 12:33:14 [main] INFO  c.s.c.c.CircuitBreakerConfig - Circuit breaker configuration loaded: failureRateThreshold=60%, waitDurationInOpenState=120s, slidingWindowSize=20, minimumNumberOfCalls=10, permittedCallsInHalfOpen=5, timeoutDuration=15s
2025-09-21 12:33:15 [main] INFO  c.s.s.e.i.ResilientEmailServiceImpl - Email retry configuration loaded: maxAttempts=3, baseWaitDuration=2000ms, exponentialMultiplier=2.0, jitterPercentage=0.25, minWaitDuration=1000ms
2025-09-21 12:33:15 [main] WARN  o.s.b.w.s.c.AnnotationConfigServletWebServerApplicationContext - Exception encountered during context initialization - cancelling refresh attempt: org.springframework.beans.factory.UnsatisfiedDependencyException: Error creating bean with name 'uploadController' defined in file [D:\DEV\DATN\smartrent-backend\smart-rent\build\classes\java\main\com\smartrent\controller\UploadController.class]: Unsatisfied dependency expressed through constructor parameter 0: Error creating bean with name 's3StorageService': Lookup method resolution failed
2025-09-21 12:33:15 [main] WARN  o.s.c.a.AnnotationConfigApplicationContext - Exception thrown from ApplicationListener handling ContextClosedEvent
org.springframework.beans.factory.BeanCreationNotAllowedException: Error creating bean with name 'applicationTaskExecutor': Singleton bean creation not allowed while singletons of this factory are in destruction (Do not request a bean from a BeanFactory in a destroy method implementation!)
	at org.springframework.beans.factory.support.DefaultSingletonBeanRegistry.getSingleton(DefaultSingletonBeanRegistry.java:274)
	at org.springframework.beans.factory.support.AbstractBeanFactory.doGetBean(AbstractBeanFactory.java:334)
	at org.springframework.beans.factory.support.AbstractBeanFactory.getBean(AbstractBeanFactory.java:204)
	at org.springframework.context.event.AbstractApplicationEventMulticaster.retrieveApplicationListeners(AbstractApplicationEventMulticaster.java:267)
	at org.springframework.context.event.AbstractApplicationEventMulticaster.getApplicationListeners(AbstractApplicationEventMulticaster.java:223)
	at org.springframework.context.event.SimpleApplicationEventMulticaster.multicastEvent(SimpleApplicationEventMulticaster.java:145)
	at org.springframework.context.support.AbstractApplicationContext.publishEvent(AbstractApplicationContext.java:454)
	at org.springframework.context.support.AbstractApplicationContext.publishEvent(AbstractApplicationContext.java:460)
	at org.springframework.context.support.AbstractApplicationContext.publishEvent(AbstractApplicationContext.java:387)
	at org.springframework.context.support.AbstractApplicationContext.doClose(AbstractApplicationContext.java:1163)
	at org.springframework.context.support.AbstractApplicationContext.close(AbstractApplicationContext.java:1126)
	at org.springframework.cloud.context.named.NamedContextFactory.destroy(NamedContextFactory.java:114)
	at org.springframework.beans.factory.support.DisposableBeanAdapter.destroy(DisposableBeanAdapter.java:211)
	at org.springframework.beans.factory.support.DefaultSingletonBeanRegistry.destroyBean(DefaultSingletonBeanRegistry.java:667)
	at org.springframework.beans.factory.support.DefaultSingletonBeanRegistry.destroySingleton(DefaultSingletonBeanRegistry.java:624)
	at org.springframework.beans.factory.support.DefaultListableBeanFactory.destroySingleton(DefaultListableBeanFactory.java:1363)
	at org.springframework.beans.factory.support.DefaultSingletonBeanRegistry.destroySingletons(DefaultSingletonBeanRegistry.java:583)
	at org.springframework.beans.factory.support.DefaultListableBeanFactory.destroySingletons(DefaultListableBeanFactory.java:1356)
	at org.springframework.context.support.AbstractApplicationContext.destroyBeans(AbstractApplicationContext.java:1219)
	at org.springframework.context.support.AbstractApplicationContext.refresh(AbstractApplicationContext.java:640)
	at org.springframework.boot.web.servlet.context.ServletWebServerApplicationContext.refresh(ServletWebServerApplicationContext.java:146)
	at org.springframework.boot.SpringApplication.refresh(SpringApplication.java:752)
	at org.springframework.boot.SpringApplication.refreshContext(SpringApplication.java:439)
	at org.springframework.boot.SpringApplication.run(SpringApplication.java:318)
	at org.springframework.boot.SpringApplication.run(SpringApplication.java:1361)
	at org.springframework.boot.SpringApplication.run(SpringApplication.java:1350)
	at com.smartrent.SmartRentApplication.main(SmartRentApplication.java:12)
2025-09-21 12:33:15 [main] INFO  o.a.catalina.core.StandardService - Stopping service [Tomcat]
2025-09-21 12:33:15 [main] ERROR o.s.boot.SpringApplication - Application run failed
org.springframework.beans.factory.UnsatisfiedDependencyException: Error creating bean with name 'uploadController' defined in file [D:\DEV\DATN\smartrent-backend\smart-rent\build\classes\java\main\com\smartrent\controller\UploadController.class]: Unsatisfied dependency expressed through constructor parameter 0: Error creating bean with name 's3StorageService': Lookup method resolution failed
	at org.springframework.beans.factory.support.ConstructorResolver.createArgumentArray(ConstructorResolver.java:804)
	at org.springframework.beans.factory.support.ConstructorResolver.autowireConstructor(ConstructorResolver.java:240)
	at org.springframework.beans.factory.support.AbstractAutowireCapableBeanFactory.autowireConstructor(AbstractAutowireCapableBeanFactory.java:1371)
	at org.springframework.beans.factory.support.AbstractAutowireCapableBeanFactory.createBeanInstance(AbstractAutowireCapableBeanFactory.java:1208)
	at org.springframework.beans.factory.support.AbstractAutowireCapableBeanFactory.doCreateBean(AbstractAutowireCapableBeanFactory.java:563)
	at org.springframework.beans.factory.support.AbstractAutowireCapableBeanFactory.createBean(AbstractAutowireCapableBeanFactory.java:523)
	at org.springframework.beans.factory.support.AbstractBeanFactory.lambda$doGetBean$0(AbstractBeanFactory.java:336)
	at org.springframework.beans.factory.support.DefaultSingletonBeanRegistry.getSingleton(DefaultSingletonBeanRegistry.java:288)
	at org.springframework.beans.factory.support.AbstractBeanFactory.doGetBean(AbstractBeanFactory.java:334)
	at org.springframework.beans.factory.support.AbstractBeanFactory.getBean(AbstractBeanFactory.java:199)
	at org.springframework.beans.factory.support.DefaultListableBeanFactory.instantiateSingleton(DefaultListableBeanFactory.java:1122)
	at org.springframework.beans.factory.support.DefaultListableBeanFactory.preInstantiateSingleton(DefaultListableBeanFactory.java:1093)
	at org.springframework.beans.factory.support.DefaultListableBeanFactory.preInstantiateSingletons(DefaultListableBeanFactory.java:1030)
	at org.springframework.context.support.AbstractApplicationContext.finishBeanFactoryInitialization(AbstractApplicationContext.java:987)
	at org.springframework.context.support.AbstractApplicationContext.refresh(AbstractApplicationContext.java:627)
	at org.springframework.boot.web.servlet.context.ServletWebServerApplicationContext.refresh(ServletWebServerApplicationContext.java:146)
	at org.springframework.boot.SpringApplication.refresh(SpringApplication.java:752)
	at org.springframework.boot.SpringApplication.refreshContext(SpringApplication.java:439)
	at org.springframework.boot.SpringApplication.run(SpringApplication.java:318)
	at org.springframework.boot.SpringApplication.run(SpringApplication.java:1361)
	at org.springframework.boot.SpringApplication.run(SpringApplication.java:1350)
	at com.smartrent.SmartRentApplication.main(SmartRentApplication.java:12)
Caused by: org.springframework.beans.factory.BeanCreationException: Error creating bean with name 's3StorageService': Lookup method resolution failed
	at org.springframework.beans.factory.annotation.AutowiredAnnotationBeanPostProcessor.checkLookupMethods(AutowiredAnnotationBeanPostProcessor.java:498)
	at org.springframework.beans.factory.annotation.AutowiredAnnotationBeanPostProcessor.determineCandidateConstructors(AutowiredAnnotationBeanPostProcessor.java:368)
	at org.springframework.beans.factory.support.AbstractAutowireCapableBeanFactory.determineConstructorsFromBeanPostProcessors(AbstractAutowireCapableBeanFactory.java:1310)
	at org.springframework.beans.factory.support.AbstractAutowireCapableBeanFactory.createBeanInstance(AbstractAutowireCapableBeanFactory.java:1205)
	at org.springframework.beans.factory.support.AbstractAutowireCapableBeanFactory.doCreateBean(AbstractAutowireCapableBeanFactory.java:563)
	at org.springframework.beans.factory.support.AbstractAutowireCapableBeanFactory.createBean(AbstractAutowireCapableBeanFactory.java:523)
	at org.springframework.beans.factory.support.AbstractBeanFactory.lambda$doGetBean$0(AbstractBeanFactory.java:336)
	at org.springframework.beans.factory.support.DefaultSingletonBeanRegistry.getSingleton(DefaultSingletonBeanRegistry.java:288)
	at org.springframework.beans.factory.support.AbstractBeanFactory.doGetBean(AbstractBeanFactory.java:334)
	at org.springframework.beans.factory.support.AbstractBeanFactory.getBean(AbstractBeanFactory.java:199)
	at org.springframework.beans.factory.config.DependencyDescriptor.resolveCandidate(DependencyDescriptor.java:254)
	at org.springframework.beans.factory.support.DefaultListableBeanFactory.doResolveDependency(DefaultListableBeanFactory.java:1626)
	at org.springframework.beans.factory.support.DefaultListableBeanFactory.resolveDependency(DefaultListableBeanFactory.java:1514)
	at org.springframework.beans.factory.support.ConstructorResolver.resolveAutowiredArgument(ConstructorResolver.java:913)
	at org.springframework.beans.factory.support.ConstructorResolver.createArgumentArray(ConstructorResolver.java:791)
	... 21 common frames omitted
Caused by: java.lang.IllegalStateException: Failed to introspect Class [com.smartrent.service.storage.S3StorageService] from ClassLoader [jdk.internal.loader.ClassLoaders$AppClassLoader@60e53b93]
	at org.springframework.util.ReflectionUtils.getDeclaredMethods(ReflectionUtils.java:483)
	at org.springframework.util.ReflectionUtils.doWithLocalMethods(ReflectionUtils.java:320)
	at org.springframework.beans.factory.annotation.AutowiredAnnotationBeanPostProcessor.checkLookupMethods(AutowiredAnnotationBeanPostProcessor.java:476)
	... 35 common frames omitted
Caused by: java.lang.NoClassDefFoundError: software/amazon/awssdk/auth/credentials/AwsCredentials
	at java.base/java.lang.Class.getDeclaredMethods0(Native Method)
	at java.base/java.lang.Class.privateGetDeclaredMethods(Class.java:3402)
	at java.base/java.lang.Class.getDeclaredMethods(Class.java:2504)
	at org.springframework.util.ReflectionUtils.getDeclaredMethods(ReflectionUtils.java:465)
	... 37 common frames omitted
Caused by: java.lang.ClassNotFoundException: software.amazon.awssdk.auth.credentials.AwsCredentials
	at java.base/jdk.internal.loader.BuiltinClassLoader.loadClass(BuiltinClassLoader.java:641)
	at java.base/jdk.internal.loader.ClassLoaders$AppClassLoader.loadClass(ClassLoaders.java:188)
	at java.base/java.lang.ClassLoader.loadClass(ClassLoader.java:525)
	... 41 common frames omitted
2025-09-21 12:33:36 [main] INFO  com.smartrent.SmartRentApplication - Starting SmartRentApplication using Java 17.0.16 with PID 25944 (D:\DEV\DATN\smartrent-backend\smart-rent\build\classes\java\main started by ZjnT in D:\DEV\DATN\smartrent-backend)
2025-09-21 12:33:36 [main] INFO  com.smartrent.SmartRentApplication - The following 1 profile is active: "local"
2025-09-21 12:33:37 [main] INFO  o.a.catalina.core.StandardService - Starting service [Tomcat]
2025-09-21 12:33:37 [main] INFO  o.a.catalina.core.StandardEngine - Starting Servlet engine: [Apache Tomcat/10.1.33]
2025-09-21 12:33:37 [main] INFO  o.a.c.c.C.[Tomcat].[localhost].[/] - Initializing Spring embedded WebApplicationContext
2025-09-21 12:33:38 [main] INFO  org.flywaydb.core.FlywayExecutor - Database: jdbc:mysql://localhost:3306/smartrent (MySQL 8.0)
2025-09-21 12:33:38 [main] INFO  o.f.core.internal.command.DbValidate - Successfully validated 8 migrations (execution time 00:00.022s)
2025-09-21 12:33:38 [main] INFO  o.f.core.internal.command.DbMigrate - Current version of schema `smartrent`: 8
2025-09-21 12:33:38 [main] INFO  o.f.core.internal.command.DbMigrate - Schema `smartrent` is up to date. No migration necessary.
2025-09-21 12:33:38 [main] WARN  org.hibernate.orm.deprecation - HHH90000025: MySQL8Dialect does not need to be specified explicitly using 'hibernate.dialect' (remove the property setting and it will be selected by default)
2025-09-21 12:33:38 [main] WARN  org.hibernate.orm.deprecation - HHH90000026: MySQL8Dialect has been deprecated; use org.hibernate.dialect.MySQLDialect instead
2025-09-21 12:33:39 [main] INFO  c.s.c.c.CircuitBreakerConfig - Circuit breaker configuration loaded: failureRateThreshold=60%, waitDurationInOpenState=120s, slidingWindowSize=20, minimumNumberOfCalls=10, permittedCallsInHalfOpen=5, timeoutDuration=15s
2025-09-21 12:33:40 [main] INFO  c.s.s.e.i.ResilientEmailServiceImpl - Email retry configuration loaded: maxAttempts=3, baseWaitDuration=2000ms, exponentialMultiplier=2.0, jitterPercentage=0.25, minWaitDuration=1000ms
2025-09-21 12:33:40 [main] WARN  o.s.b.w.s.c.AnnotationConfigServletWebServerApplicationContext - Exception encountered during context initialization - cancelling refresh attempt: org.springframework.beans.factory.UnsatisfiedDependencyException: Error creating bean with name 'uploadController' defined in file [D:\DEV\DATN\smartrent-backend\smart-rent\build\classes\java\main\com\smartrent\controller\UploadController.class]: Unsatisfied dependency expressed through constructor parameter 0: Error creating bean with name 's3StorageService': Invocation of init method failed
2025-09-21 12:33:40 [main] WARN  o.s.c.a.AnnotationConfigApplicationContext - Exception thrown from ApplicationListener handling ContextClosedEvent
org.springframework.beans.factory.BeanCreationNotAllowedException: Error creating bean with name 'applicationTaskExecutor': Singleton bean creation not allowed while singletons of this factory are in destruction (Do not request a bean from a BeanFactory in a destroy method implementation!)
	at org.springframework.beans.factory.support.DefaultSingletonBeanRegistry.getSingleton(DefaultSingletonBeanRegistry.java:274)
	at org.springframework.beans.factory.support.AbstractBeanFactory.doGetBean(AbstractBeanFactory.java:334)
	at org.springframework.beans.factory.support.AbstractBeanFactory.getBean(AbstractBeanFactory.java:204)
	at org.springframework.context.event.AbstractApplicationEventMulticaster.retrieveApplicationListeners(AbstractApplicationEventMulticaster.java:267)
	at org.springframework.context.event.AbstractApplicationEventMulticaster.getApplicationListeners(AbstractApplicationEventMulticaster.java:223)
	at org.springframework.context.event.SimpleApplicationEventMulticaster.multicastEvent(SimpleApplicationEventMulticaster.java:145)
	at org.springframework.context.support.AbstractApplicationContext.publishEvent(AbstractApplicationContext.java:454)
	at org.springframework.context.support.AbstractApplicationContext.publishEvent(AbstractApplicationContext.java:460)
	at org.springframework.context.support.AbstractApplicationContext.publishEvent(AbstractApplicationContext.java:387)
	at org.springframework.context.support.AbstractApplicationContext.doClose(AbstractApplicationContext.java:1163)
	at org.springframework.context.support.AbstractApplicationContext.close(AbstractApplicationContext.java:1126)
	at org.springframework.cloud.context.named.NamedContextFactory.destroy(NamedContextFactory.java:114)
	at org.springframework.beans.factory.support.DisposableBeanAdapter.destroy(DisposableBeanAdapter.java:211)
	at org.springframework.beans.factory.support.DefaultSingletonBeanRegistry.destroyBean(DefaultSingletonBeanRegistry.java:667)
	at org.springframework.beans.factory.support.DefaultSingletonBeanRegistry.destroySingleton(DefaultSingletonBeanRegistry.java:624)
	at org.springframework.beans.factory.support.DefaultListableBeanFactory.destroySingleton(DefaultListableBeanFactory.java:1363)
	at org.springframework.beans.factory.support.DefaultSingletonBeanRegistry.destroySingletons(DefaultSingletonBeanRegistry.java:583)
	at org.springframework.beans.factory.support.DefaultListableBeanFactory.destroySingletons(DefaultListableBeanFactory.java:1356)
	at org.springframework.context.support.AbstractApplicationContext.destroyBeans(AbstractApplicationContext.java:1219)
	at org.springframework.context.support.AbstractApplicationContext.refresh(AbstractApplicationContext.java:640)
	at org.springframework.boot.web.servlet.context.ServletWebServerApplicationContext.refresh(ServletWebServerApplicationContext.java:146)
	at org.springframework.boot.SpringApplication.refresh(SpringApplication.java:752)
	at org.springframework.boot.SpringApplication.refreshContext(SpringApplication.java:439)
	at org.springframework.boot.SpringApplication.run(SpringApplication.java:318)
	at org.springframework.boot.SpringApplication.run(SpringApplication.java:1361)
	at org.springframework.boot.SpringApplication.run(SpringApplication.java:1350)
	at com.smartrent.SmartRentApplication.main(SmartRentApplication.java:12)
2025-09-21 12:33:40 [main] INFO  o.a.catalina.core.StandardService - Stopping service [Tomcat]
2025-09-21 12:33:40 [main] ERROR o.s.boot.SpringApplication - Application run failed
org.springframework.beans.factory.UnsatisfiedDependencyException: Error creating bean with name 'uploadController' defined in file [D:\DEV\DATN\smartrent-backend\smart-rent\build\classes\java\main\com\smartrent\controller\UploadController.class]: Unsatisfied dependency expressed through constructor parameter 0: Error creating bean with name 's3StorageService': Invocation of init method failed
	at org.springframework.beans.factory.support.ConstructorResolver.createArgumentArray(ConstructorResolver.java:804)
	at org.springframework.beans.factory.support.ConstructorResolver.autowireConstructor(ConstructorResolver.java:240)
	at org.springframework.beans.factory.support.AbstractAutowireCapableBeanFactory.autowireConstructor(AbstractAutowireCapableBeanFactory.java:1371)
	at org.springframework.beans.factory.support.AbstractAutowireCapableBeanFactory.createBeanInstance(AbstractAutowireCapableBeanFactory.java:1208)
	at org.springframework.beans.factory.support.AbstractAutowireCapableBeanFactory.doCreateBean(AbstractAutowireCapableBeanFactory.java:563)
	at org.springframework.beans.factory.support.AbstractAutowireCapableBeanFactory.createBean(AbstractAutowireCapableBeanFactory.java:523)
	at org.springframework.beans.factory.support.AbstractBeanFactory.lambda$doGetBean$0(AbstractBeanFactory.java:336)
	at org.springframework.beans.factory.support.DefaultSingletonBeanRegistry.getSingleton(DefaultSingletonBeanRegistry.java:288)
	at org.springframework.beans.factory.support.AbstractBeanFactory.doGetBean(AbstractBeanFactory.java:334)
	at org.springframework.beans.factory.support.AbstractBeanFactory.getBean(AbstractBeanFactory.java:199)
	at org.springframework.beans.factory.support.DefaultListableBeanFactory.instantiateSingleton(DefaultListableBeanFactory.java:1122)
	at org.springframework.beans.factory.support.DefaultListableBeanFactory.preInstantiateSingleton(DefaultListableBeanFactory.java:1093)
	at org.springframework.beans.factory.support.DefaultListableBeanFactory.preInstantiateSingletons(DefaultListableBeanFactory.java:1030)
	at org.springframework.context.support.AbstractApplicationContext.finishBeanFactoryInitialization(AbstractApplicationContext.java:987)
	at org.springframework.context.support.AbstractApplicationContext.refresh(AbstractApplicationContext.java:627)
	at org.springframework.boot.web.servlet.context.ServletWebServerApplicationContext.refresh(ServletWebServerApplicationContext.java:146)
	at org.springframework.boot.SpringApplication.refresh(SpringApplication.java:752)
	at org.springframework.boot.SpringApplication.refreshContext(SpringApplication.java:439)
	at org.springframework.boot.SpringApplication.run(SpringApplication.java:318)
	at org.springframework.boot.SpringApplication.run(SpringApplication.java:1361)
	at org.springframework.boot.SpringApplication.run(SpringApplication.java:1350)
	at com.smartrent.SmartRentApplication.main(SmartRentApplication.java:12)
Caused by: org.springframework.beans.factory.BeanCreationException: Error creating bean with name 's3StorageService': Invocation of init method failed
	at org.springframework.beans.factory.annotation.InitDestroyAnnotationBeanPostProcessor.postProcessBeforeInitialization(InitDestroyAnnotationBeanPostProcessor.java:222)
	at org.springframework.beans.factory.support.AbstractAutowireCapableBeanFactory.applyBeanPostProcessorsBeforeInitialization(AbstractAutowireCapableBeanFactory.java:423)
	at org.springframework.beans.factory.support.AbstractAutowireCapableBeanFactory.initializeBean(AbstractAutowireCapableBeanFactory.java:1794)
	at org.springframework.beans.factory.support.AbstractAutowireCapableBeanFactory.doCreateBean(AbstractAutowireCapableBeanFactory.java:601)
	at org.springframework.beans.factory.support.AbstractAutowireCapableBeanFactory.createBean(AbstractAutowireCapableBeanFactory.java:523)
	at org.springframework.beans.factory.support.AbstractBeanFactory.lambda$doGetBean$0(AbstractBeanFactory.java:336)
	at org.springframework.beans.factory.support.DefaultSingletonBeanRegistry.getSingleton(DefaultSingletonBeanRegistry.java:288)
	at org.springframework.beans.factory.support.AbstractBeanFactory.doGetBean(AbstractBeanFactory.java:334)
	at org.springframework.beans.factory.support.AbstractBeanFactory.getBean(AbstractBeanFactory.java:199)
	at org.springframework.beans.factory.config.DependencyDescriptor.resolveCandidate(DependencyDescriptor.java:254)
	at org.springframework.beans.factory.support.DefaultListableBeanFactory.doResolveDependency(DefaultListableBeanFactory.java:1626)
	at org.springframework.beans.factory.support.DefaultListableBeanFactory.resolveDependency(DefaultListableBeanFactory.java:1514)
	at org.springframework.beans.factory.support.ConstructorResolver.resolveAutowiredArgument(ConstructorResolver.java:913)
	at org.springframework.beans.factory.support.ConstructorResolver.createArgumentArray(ConstructorResolver.java:791)
	... 21 common frames omitted
Caused by: java.lang.NullPointerException: region must not be null.
	at software.amazon.awssdk.utils.Validate.paramNotBlank(Validate.java:177)
	at software.amazon.awssdk.regions.Region.of(Region.java:155)
	at software.amazon.awssdk.regions.Region.of(Region.java:151)
	at com.smartrent.service.storage.S3StorageService.init(S3StorageService.java:33)
	at java.base/jdk.internal.reflect.NativeMethodAccessorImpl.invoke0(Native Method)
	at java.base/jdk.internal.reflect.NativeMethodAccessorImpl.invoke(NativeMethodAccessorImpl.java:77)
	at java.base/jdk.internal.reflect.DelegatingMethodAccessorImpl.invoke(DelegatingMethodAccessorImpl.java:43)
	at java.base/java.lang.reflect.Method.invoke(Method.java:569)
	at org.springframework.beans.factory.annotation.InitDestroyAnnotationBeanPostProcessor$LifecycleMethod.invoke(InitDestroyAnnotationBeanPostProcessor.java:457)
	at org.springframework.beans.factory.annotation.InitDestroyAnnotationBeanPostProcessor$LifecycleMetadata.invokeInitMethods(InitDestroyAnnotationBeanPostProcessor.java:401)
	at org.springframework.beans.factory.annotation.InitDestroyAnnotationBeanPostProcessor.postProcessBeforeInitialization(InitDestroyAnnotationBeanPostProcessor.java:219)
	... 34 common frames omitted
2025-09-21 12:34:22 [main] INFO  com.smartrent.SmartRentApplication - Starting SmartRentApplication using Java 17.0.16 with PID 31148 (D:\DEV\DATN\smartrent-backend\smart-rent\build\classes\java\main started by ZjnT in D:\DEV\DATN\smartrent-backend)
2025-09-21 12:34:22 [main] INFO  com.smartrent.SmartRentApplication - The following 1 profile is active: "local"
2025-09-21 12:34:24 [main] INFO  o.a.catalina.core.StandardService - Starting service [Tomcat]
2025-09-21 12:34:24 [main] INFO  o.a.catalina.core.StandardEngine - Starting Servlet engine: [Apache Tomcat/10.1.33]
2025-09-21 12:34:24 [main] INFO  o.a.c.c.C.[Tomcat].[localhost].[/] - Initializing Spring embedded WebApplicationContext
2025-09-21 12:34:25 [main] INFO  org.flywaydb.core.FlywayExecutor - Database: jdbc:mysql://localhost:3306/smartrent (MySQL 8.0)
2025-09-21 12:34:25 [main] INFO  o.f.core.internal.command.DbValidate - Successfully validated 8 migrations (execution time 00:00.022s)
2025-09-21 12:34:25 [main] INFO  o.f.core.internal.command.DbMigrate - Current version of schema `smartrent`: 8
2025-09-21 12:34:25 [main] INFO  o.f.core.internal.command.DbMigrate - Schema `smartrent` is up to date. No migration necessary.
2025-09-21 12:34:25 [main] WARN  org.hibernate.orm.deprecation - HHH90000025: MySQL8Dialect does not need to be specified explicitly using 'hibernate.dialect' (remove the property setting and it will be selected by default)
2025-09-21 12:34:25 [main] WARN  org.hibernate.orm.deprecation - HHH90000026: MySQL8Dialect has been deprecated; use org.hibernate.dialect.MySQLDialect instead
2025-09-21 12:34:26 [main] INFO  c.s.c.c.CircuitBreakerConfig - Circuit breaker configuration loaded: failureRateThreshold=60%, waitDurationInOpenState=120s, slidingWindowSize=20, minimumNumberOfCalls=10, permittedCallsInHalfOpen=5, timeoutDuration=15s
2025-09-21 12:34:27 [main] INFO  c.s.s.e.i.ResilientEmailServiceImpl - Email retry configuration loaded: maxAttempts=3, baseWaitDuration=2000ms, exponentialMultiplier=2.0, jitterPercentage=0.25, minWaitDuration=1000ms
2025-09-21 12:34:27 [main] WARN  o.s.b.w.s.c.AnnotationConfigServletWebServerApplicationContext - Exception encountered during context initialization - cancelling refresh attempt: org.springframework.beans.factory.UnsatisfiedDependencyException: Error creating bean with name 'uploadController' defined in file [D:\DEV\DATN\smartrent-backend\smart-rent\build\classes\java\main\com\smartrent\controller\UploadController.class]: Unsatisfied dependency expressed through constructor parameter 0: Error creating bean with name 's3StorageService': Invocation of init method failed
2025-09-21 12:34:27 [main] WARN  o.s.c.a.AnnotationConfigApplicationContext - Exception thrown from ApplicationListener handling ContextClosedEvent
org.springframework.beans.factory.BeanCreationNotAllowedException: Error creating bean with name 'applicationTaskExecutor': Singleton bean creation not allowed while singletons of this factory are in destruction (Do not request a bean from a BeanFactory in a destroy method implementation!)
	at org.springframework.beans.factory.support.DefaultSingletonBeanRegistry.getSingleton(DefaultSingletonBeanRegistry.java:274)
	at org.springframework.beans.factory.support.AbstractBeanFactory.doGetBean(AbstractBeanFactory.java:334)
	at org.springframework.beans.factory.support.AbstractBeanFactory.getBean(AbstractBeanFactory.java:204)
	at org.springframework.context.event.AbstractApplicationEventMulticaster.retrieveApplicationListeners(AbstractApplicationEventMulticaster.java:267)
	at org.springframework.context.event.AbstractApplicationEventMulticaster.getApplicationListeners(AbstractApplicationEventMulticaster.java:223)
	at org.springframework.context.event.SimpleApplicationEventMulticaster.multicastEvent(SimpleApplicationEventMulticaster.java:145)
	at org.springframework.context.support.AbstractApplicationContext.publishEvent(AbstractApplicationContext.java:454)
	at org.springframework.context.support.AbstractApplicationContext.publishEvent(AbstractApplicationContext.java:460)
	at org.springframework.context.support.AbstractApplicationContext.publishEvent(AbstractApplicationContext.java:387)
	at org.springframework.context.support.AbstractApplicationContext.doClose(AbstractApplicationContext.java:1163)
	at org.springframework.context.support.AbstractApplicationContext.close(AbstractApplicationContext.java:1126)
	at org.springframework.cloud.context.named.NamedContextFactory.destroy(NamedContextFactory.java:114)
	at org.springframework.beans.factory.support.DisposableBeanAdapter.destroy(DisposableBeanAdapter.java:211)
	at org.springframework.beans.factory.support.DefaultSingletonBeanRegistry.destroyBean(DefaultSingletonBeanRegistry.java:667)
	at org.springframework.beans.factory.support.DefaultSingletonBeanRegistry.destroySingleton(DefaultSingletonBeanRegistry.java:624)
	at org.springframework.beans.factory.support.DefaultListableBeanFactory.destroySingleton(DefaultListableBeanFactory.java:1363)
	at org.springframework.beans.factory.support.DefaultSingletonBeanRegistry.destroySingletons(DefaultSingletonBeanRegistry.java:583)
	at org.springframework.beans.factory.support.DefaultListableBeanFactory.destroySingletons(DefaultListableBeanFactory.java:1356)
	at org.springframework.context.support.AbstractApplicationContext.destroyBeans(AbstractApplicationContext.java:1219)
	at org.springframework.context.support.AbstractApplicationContext.refresh(AbstractApplicationContext.java:640)
	at org.springframework.boot.web.servlet.context.ServletWebServerApplicationContext.refresh(ServletWebServerApplicationContext.java:146)
	at org.springframework.boot.SpringApplication.refresh(SpringApplication.java:752)
	at org.springframework.boot.SpringApplication.refreshContext(SpringApplication.java:439)
	at org.springframework.boot.SpringApplication.run(SpringApplication.java:318)
	at org.springframework.boot.SpringApplication.run(SpringApplication.java:1361)
	at org.springframework.boot.SpringApplication.run(SpringApplication.java:1350)
	at com.smartrent.SmartRentApplication.main(SmartRentApplication.java:12)
2025-09-21 12:34:27 [main] INFO  o.a.catalina.core.StandardService - Stopping service [Tomcat]
2025-09-21 12:34:27 [main] ERROR o.s.boot.SpringApplication - Application run failed
org.springframework.beans.factory.UnsatisfiedDependencyException: Error creating bean with name 'uploadController' defined in file [D:\DEV\DATN\smartrent-backend\smart-rent\build\classes\java\main\com\smartrent\controller\UploadController.class]: Unsatisfied dependency expressed through constructor parameter 0: Error creating bean with name 's3StorageService': Invocation of init method failed
	at org.springframework.beans.factory.support.ConstructorResolver.createArgumentArray(ConstructorResolver.java:804)
	at org.springframework.beans.factory.support.ConstructorResolver.autowireConstructor(ConstructorResolver.java:240)
	at org.springframework.beans.factory.support.AbstractAutowireCapableBeanFactory.autowireConstructor(AbstractAutowireCapableBeanFactory.java:1371)
	at org.springframework.beans.factory.support.AbstractAutowireCapableBeanFactory.createBeanInstance(AbstractAutowireCapableBeanFactory.java:1208)
	at org.springframework.beans.factory.support.AbstractAutowireCapableBeanFactory.doCreateBean(AbstractAutowireCapableBeanFactory.java:563)
	at org.springframework.beans.factory.support.AbstractAutowireCapableBeanFactory.createBean(AbstractAutowireCapableBeanFactory.java:523)
	at org.springframework.beans.factory.support.AbstractBeanFactory.lambda$doGetBean$0(AbstractBeanFactory.java:336)
	at org.springframework.beans.factory.support.DefaultSingletonBeanRegistry.getSingleton(DefaultSingletonBeanRegistry.java:288)
	at org.springframework.beans.factory.support.AbstractBeanFactory.doGetBean(AbstractBeanFactory.java:334)
	at org.springframework.beans.factory.support.AbstractBeanFactory.getBean(AbstractBeanFactory.java:199)
	at org.springframework.beans.factory.support.DefaultListableBeanFactory.instantiateSingleton(DefaultListableBeanFactory.java:1122)
	at org.springframework.beans.factory.support.DefaultListableBeanFactory.preInstantiateSingleton(DefaultListableBeanFactory.java:1093)
	at org.springframework.beans.factory.support.DefaultListableBeanFactory.preInstantiateSingletons(DefaultListableBeanFactory.java:1030)
	at org.springframework.context.support.AbstractApplicationContext.finishBeanFactoryInitialization(AbstractApplicationContext.java:987)
	at org.springframework.context.support.AbstractApplicationContext.refresh(AbstractApplicationContext.java:627)
	at org.springframework.boot.web.servlet.context.ServletWebServerApplicationContext.refresh(ServletWebServerApplicationContext.java:146)
	at org.springframework.boot.SpringApplication.refresh(SpringApplication.java:752)
	at org.springframework.boot.SpringApplication.refreshContext(SpringApplication.java:439)
	at org.springframework.boot.SpringApplication.run(SpringApplication.java:318)
	at org.springframework.boot.SpringApplication.run(SpringApplication.java:1361)
	at org.springframework.boot.SpringApplication.run(SpringApplication.java:1350)
	at com.smartrent.SmartRentApplication.main(SmartRentApplication.java:12)
Caused by: org.springframework.beans.factory.BeanCreationException: Error creating bean with name 's3StorageService': Invocation of init method failed
	at org.springframework.beans.factory.annotation.InitDestroyAnnotationBeanPostProcessor.postProcessBeforeInitialization(InitDestroyAnnotationBeanPostProcessor.java:222)
	at org.springframework.beans.factory.support.AbstractAutowireCapableBeanFactory.applyBeanPostProcessorsBeforeInitialization(AbstractAutowireCapableBeanFactory.java:423)
	at org.springframework.beans.factory.support.AbstractAutowireCapableBeanFactory.initializeBean(AbstractAutowireCapableBeanFactory.java:1794)
	at org.springframework.beans.factory.support.AbstractAutowireCapableBeanFactory.doCreateBean(AbstractAutowireCapableBeanFactory.java:601)
	at org.springframework.beans.factory.support.AbstractAutowireCapableBeanFactory.createBean(AbstractAutowireCapableBeanFactory.java:523)
	at org.springframework.beans.factory.support.AbstractBeanFactory.lambda$doGetBean$0(AbstractBeanFactory.java:336)
	at org.springframework.beans.factory.support.DefaultSingletonBeanRegistry.getSingleton(DefaultSingletonBeanRegistry.java:288)
	at org.springframework.beans.factory.support.AbstractBeanFactory.doGetBean(AbstractBeanFactory.java:334)
	at org.springframework.beans.factory.support.AbstractBeanFactory.getBean(AbstractBeanFactory.java:199)
	at org.springframework.beans.factory.config.DependencyDescriptor.resolveCandidate(DependencyDescriptor.java:254)
	at org.springframework.beans.factory.support.DefaultListableBeanFactory.doResolveDependency(DefaultListableBeanFactory.java:1626)
	at org.springframework.beans.factory.support.DefaultListableBeanFactory.resolveDependency(DefaultListableBeanFactory.java:1514)
	at org.springframework.beans.factory.support.ConstructorResolver.resolveAutowiredArgument(ConstructorResolver.java:913)
	at org.springframework.beans.factory.support.ConstructorResolver.createArgumentArray(ConstructorResolver.java:791)
	... 21 common frames omitted
Caused by: java.lang.NullPointerException: region must not be null.
	at software.amazon.awssdk.utils.Validate.paramNotBlank(Validate.java:177)
	at software.amazon.awssdk.regions.Region.of(Region.java:155)
	at software.amazon.awssdk.regions.Region.of(Region.java:151)
	at com.smartrent.service.storage.S3StorageService.init(S3StorageService.java:33)
	at java.base/jdk.internal.reflect.NativeMethodAccessorImpl.invoke0(Native Method)
	at java.base/jdk.internal.reflect.NativeMethodAccessorImpl.invoke(NativeMethodAccessorImpl.java:77)
	at java.base/jdk.internal.reflect.DelegatingMethodAccessorImpl.invoke(DelegatingMethodAccessorImpl.java:43)
	at java.base/java.lang.reflect.Method.invoke(Method.java:569)
	at org.springframework.beans.factory.annotation.InitDestroyAnnotationBeanPostProcessor$LifecycleMethod.invoke(InitDestroyAnnotationBeanPostProcessor.java:457)
	at org.springframework.beans.factory.annotation.InitDestroyAnnotationBeanPostProcessor$LifecycleMetadata.invokeInitMethods(InitDestroyAnnotationBeanPostProcessor.java:401)
	at org.springframework.beans.factory.annotation.InitDestroyAnnotationBeanPostProcessor.postProcessBeforeInitialization(InitDestroyAnnotationBeanPostProcessor.java:219)
	... 34 common frames omitted
2025-09-21 12:37:59 [main] INFO  com.smartrent.SmartRentApplication - Starting SmartRentApplication using Java 17.0.16 with PID 35172 (D:\DEV\DATN\smartrent-backend\smart-rent\build\classes\java\main started by ZjnT in D:\DEV\DATN\smartrent-backend)
2025-09-21 12:37:59 [main] INFO  com.smartrent.SmartRentApplication - The following 1 profile is active: "local"
2025-09-21 12:38:01 [main] INFO  o.a.catalina.core.StandardService - Starting service [Tomcat]
2025-09-21 12:38:01 [main] INFO  o.a.catalina.core.StandardEngine - Starting Servlet engine: [Apache Tomcat/10.1.33]
2025-09-21 12:38:01 [main] INFO  o.a.c.c.C.[Tomcat].[localhost].[/] - Initializing Spring embedded WebApplicationContext
2025-09-21 12:38:02 [main] INFO  org.flywaydb.core.FlywayExecutor - Database: jdbc:mysql://localhost:3306/smartrent (MySQL 8.0)
2025-09-21 12:38:02 [main] INFO  o.f.core.internal.command.DbValidate - Successfully validated 8 migrations (execution time 00:00.022s)
2025-09-21 12:38:02 [main] INFO  o.f.core.internal.command.DbMigrate - Current version of schema `smartrent`: 8
2025-09-21 12:38:02 [main] INFO  o.f.core.internal.command.DbMigrate - Schema `smartrent` is up to date. No migration necessary.
2025-09-21 12:38:02 [main] WARN  org.hibernate.orm.deprecation - HHH90000025: MySQL8Dialect does not need to be specified explicitly using 'hibernate.dialect' (remove the property setting and it will be selected by default)
2025-09-21 12:38:02 [main] WARN  org.hibernate.orm.deprecation - HHH90000026: MySQL8Dialect has been deprecated; use org.hibernate.dialect.MySQLDialect instead
2025-09-21 12:38:03 [main] INFO  c.s.c.c.CircuitBreakerConfig - Circuit breaker configuration loaded: failureRateThreshold=60%, waitDurationInOpenState=120s, slidingWindowSize=20, minimumNumberOfCalls=10, permittedCallsInHalfOpen=5, timeoutDuration=15s
2025-09-21 12:38:04 [main] INFO  c.s.s.e.i.ResilientEmailServiceImpl - Email retry configuration loaded: maxAttempts=3, baseWaitDuration=2000ms, exponentialMultiplier=2.0, jitterPercentage=0.25, minWaitDuration=1000ms
2025-09-21 12:38:07 [main] INFO  com.smartrent.SmartRentApplication - Started SmartRentApplication in 8.111 seconds (process running for 8.547)
2025-09-21 12:38:07 [RMI TCP Connection(7)-192.168.1.11] INFO  o.a.c.c.C.[Tomcat].[localhost].[/] - Initializing Spring DispatcherServlet 'dispatcherServlet'
2025-09-21 12:45:13 [http-nio-8080-exec-1] ERROR c.s.s.e.i.ResilientEmailServiceImpl - Failed to send email to: [com.smartrent.infra.connector.model.EmailInfo@4e0048af] - Status: 401, Error: [401 Unauthorized] during [POST] to [https://api.brevo.com/v3/smtp/email] [BrevoConnector#sendEmail(String,EmailRequest)]: [] (attempt 1 of 3)
2025-09-21 12:45:13 [http-nio-8080-exec-1] ERROR c.s.s.e.i.ResilientEmailServiceImpl - Non-retryable error encountered, failing immediately
2025-09-21 12:45:40 [main] INFO  com.smartrent.SmartRentApplication - Starting SmartRentApplication using Java 17.0.16 with PID 30604 (D:\DEV\DATN\smartrent-backend\smart-rent\build\classes\java\main started by ZjnT in D:\DEV\DATN\smartrent-backend)
2025-09-21 12:45:40 [main] INFO  com.smartrent.SmartRentApplication - The following 1 profile is active: "local"
2025-09-21 12:45:42 [main] INFO  o.a.catalina.core.StandardService - Starting service [Tomcat]
2025-09-21 12:45:42 [main] INFO  o.a.catalina.core.StandardEngine - Starting Servlet engine: [Apache Tomcat/10.1.33]
2025-09-21 12:45:42 [main] INFO  o.a.c.c.C.[Tomcat].[localhost].[/] - Initializing Spring embedded WebApplicationContext
2025-09-21 12:45:43 [main] INFO  org.flywaydb.core.FlywayExecutor - Database: jdbc:mysql://localhost:3306/smartrent (MySQL 8.0)
2025-09-21 12:45:43 [main] INFO  o.f.core.internal.command.DbValidate - Successfully validated 8 migrations (execution time 00:00.023s)
2025-09-21 12:45:43 [main] INFO  o.f.core.internal.command.DbMigrate - Current version of schema `smartrent`: 8
2025-09-21 12:45:43 [main] INFO  o.f.core.internal.command.DbMigrate - Schema `smartrent` is up to date. No migration necessary.
2025-09-21 12:45:43 [main] WARN  org.hibernate.orm.deprecation - HHH90000025: MySQL8Dialect does not need to be specified explicitly using 'hibernate.dialect' (remove the property setting and it will be selected by default)
2025-09-21 12:45:43 [main] WARN  org.hibernate.orm.deprecation - HHH90000026: MySQL8Dialect has been deprecated; use org.hibernate.dialect.MySQLDialect instead
2025-09-21 12:45:44 [main] INFO  c.s.c.c.CircuitBreakerConfig - Circuit breaker configuration loaded: failureRateThreshold=60%, waitDurationInOpenState=120s, slidingWindowSize=20, minimumNumberOfCalls=10, permittedCallsInHalfOpen=5, timeoutDuration=15s
2025-09-21 12:45:45 [main] INFO  c.s.s.e.i.ResilientEmailServiceImpl - Email retry configuration loaded: maxAttempts=3, baseWaitDuration=2000ms, exponentialMultiplier=2.0, jitterPercentage=0.25, minWaitDuration=1000ms
2025-09-21 12:45:47 [main] INFO  com.smartrent.SmartRentApplication - Started SmartRentApplication in 7.245 seconds (process running for 7.671)
2025-09-21 12:45:48 [RMI TCP Connection(4)-192.168.1.11] INFO  o.a.c.c.C.[Tomcat].[localhost].[/] - Initializing Spring DispatcherServlet 'dispatcherServlet'
2025-09-21 12:46:12 [http-nio-8080-exec-2] INFO  c.s.s.e.i.ResilientEmailServiceImpl - Email sent successfully to: [com.smartrent.infra.connector.model.EmailInfo@7ead7787] with response: com.smartrent.infra.connector.model.EmailResponse@13f4db on attempt 1
2025-09-21 12:47:07 [http-nio-8080-exec-7] INFO  c.s.s.e.i.ResilientEmailServiceImpl - Email sent successfully to: [com.smartrent.infra.connector.model.EmailInfo@32baab60] with response: com.smartrent.infra.connector.model.EmailResponse@39b662b7 on attempt 1
2025-09-21 12:49:07 [http-nio-8080-exec-5] INFO  o.s.api.AbstractOpenApiResource - Init duration for springdoc-openapi is: 263 ms
2025-09-21 12:49:14 [http-nio-8080-exec-6] INFO  o.s.api.AbstractOpenApiResource - Init duration for springdoc-openapi is: 325 ms
2025-09-21 12:54:14 [main] INFO  com.smartrent.SmartRentApplication - Starting SmartRentApplication using Java 17.0.16 with PID 37940 (D:\DEV\DATN\smartrent-backend\smart-rent\build\classes\java\main started by ZjnT in D:\DEV\DATN\smartrent-backend)
2025-09-21 12:54:14 [main] INFO  com.smartrent.SmartRentApplication - The following 1 profile is active: "local"
2025-09-21 12:54:16 [main] INFO  o.a.catalina.core.StandardService - Starting service [Tomcat]
2025-09-21 12:54:16 [main] INFO  o.a.catalina.core.StandardEngine - Starting Servlet engine: [Apache Tomcat/10.1.33]
2025-09-21 12:54:16 [main] INFO  o.a.c.c.C.[Tomcat].[localhost].[/] - Initializing Spring embedded WebApplicationContext
2025-09-21 12:54:16 [main] INFO  org.flywaydb.core.FlywayExecutor - Database: jdbc:mysql://localhost:3306/smartrent (MySQL 8.0)
2025-09-21 12:54:16 [main] INFO  o.f.core.internal.command.DbValidate - Successfully validated 8 migrations (execution time 00:00.023s)
2025-09-21 12:54:16 [main] INFO  o.f.core.internal.command.DbMigrate - Current version of schema `smartrent`: 8
2025-09-21 12:54:16 [main] INFO  o.f.core.internal.command.DbMigrate - Schema `smartrent` is up to date. No migration necessary.
2025-09-21 12:54:17 [main] WARN  org.hibernate.orm.deprecation - HHH90000025: MySQL8Dialect does not need to be specified explicitly using 'hibernate.dialect' (remove the property setting and it will be selected by default)
2025-09-21 12:54:17 [main] WARN  org.hibernate.orm.deprecation - HHH90000026: MySQL8Dialect has been deprecated; use org.hibernate.dialect.MySQLDialect instead
2025-09-21 12:54:18 [main] INFO  c.s.c.c.CircuitBreakerConfig - Circuit breaker configuration loaded: failureRateThreshold=60%, waitDurationInOpenState=120s, slidingWindowSize=20, minimumNumberOfCalls=10, permittedCallsInHalfOpen=5, timeoutDuration=15s
2025-09-21 12:54:18 [main] INFO  c.s.s.e.i.ResilientEmailServiceImpl - Email retry configuration loaded: maxAttempts=3, baseWaitDuration=2000ms, exponentialMultiplier=2.0, jitterPercentage=0.25, minWaitDuration=1000ms
2025-09-21 12:54:21 [main] INFO  com.smartrent.SmartRentApplication - Started SmartRentApplication in 7.735 seconds (process running for 8.214)
2025-09-21 12:54:22 [RMI TCP Connection(4)-192.168.1.11] INFO  o.a.c.c.C.[Tomcat].[localhost].[/] - Initializing Spring DispatcherServlet 'dispatcherServlet'
2025-09-21 12:54:39 [http-nio-8080-exec-9] INFO  o.s.api.AbstractOpenApiResource - Init duration for springdoc-openapi is: 382 ms
2025-09-21 12:56:05 [main] INFO  com.smartrent.SmartRentApplication - Starting SmartRentApplication using Java 17.0.16 with PID 1892 (D:\DEV\DATN\smartrent-backend\smart-rent\build\classes\java\main started by ZjnT in D:\DEV\DATN\smartrent-backend)
2025-09-21 12:56:05 [main] INFO  com.smartrent.SmartRentApplication - The following 1 profile is active: "local"
2025-09-21 12:56:07 [main] INFO  o.a.catalina.core.StandardService - Starting service [Tomcat]
2025-09-21 12:56:07 [main] INFO  o.a.catalina.core.StandardEngine - Starting Servlet engine: [Apache Tomcat/10.1.33]
2025-09-21 12:56:07 [main] INFO  o.a.c.c.C.[Tomcat].[localhost].[/] - Initializing Spring embedded WebApplicationContext
2025-09-21 12:56:07 [main] INFO  org.flywaydb.core.FlywayExecutor - Database: jdbc:mysql://localhost:3306/smartrent (MySQL 8.0)
2025-09-21 12:56:07 [main] INFO  o.f.core.internal.command.DbValidate - Successfully validated 8 migrations (execution time 00:00.023s)
2025-09-21 12:56:07 [main] INFO  o.f.core.internal.command.DbMigrate - Current version of schema `smartrent`: 8
2025-09-21 12:56:07 [main] INFO  o.f.core.internal.command.DbMigrate - Schema `smartrent` is up to date. No migration necessary.
2025-09-21 12:56:08 [main] WARN  org.hibernate.orm.deprecation - HHH90000025: MySQL8Dialect does not need to be specified explicitly using 'hibernate.dialect' (remove the property setting and it will be selected by default)
2025-09-21 12:56:08 [main] WARN  org.hibernate.orm.deprecation - HHH90000026: MySQL8Dialect has been deprecated; use org.hibernate.dialect.MySQLDialect instead
2025-09-21 12:56:09 [main] INFO  c.s.c.c.CircuitBreakerConfig - Circuit breaker configuration loaded: failureRateThreshold=60%, waitDurationInOpenState=120s, slidingWindowSize=20, minimumNumberOfCalls=10, permittedCallsInHalfOpen=5, timeoutDuration=15s
2025-09-21 12:56:09 [main] INFO  c.s.s.e.i.ResilientEmailServiceImpl - Email retry configuration loaded: maxAttempts=3, baseWaitDuration=2000ms, exponentialMultiplier=2.0, jitterPercentage=0.25, minWaitDuration=1000ms
2025-09-21 12:56:12 [main] INFO  com.smartrent.SmartRentApplication - Started SmartRentApplication in 7.333 seconds (process running for 7.769)
2025-09-21 12:56:13 [RMI TCP Connection(2)-192.168.1.11] INFO  o.a.c.c.C.[Tomcat].[localhost].[/] - Initializing Spring DispatcherServlet 'dispatcherServlet'
2025-09-21 12:56:16 [http-nio-8080-exec-9] INFO  o.s.api.AbstractOpenApiResource - Init duration for springdoc-openapi is: 375 ms
2025-09-21 13:00:51 [main] INFO  com.smartrent.SmartRentApplication - Starting SmartRentApplication using Java 17.0.16 with PID 38024 (D:\DEV\DATN\smartrent-backend\smart-rent\build\classes\java\main started by ZjnT in D:\DEV\DATN\smartrent-backend)
2025-09-21 13:00:51 [main] INFO  com.smartrent.SmartRentApplication - The following 1 profile is active: "local"
2025-09-21 13:00:53 [main] INFO  o.a.catalina.core.StandardService - Starting service [Tomcat]
2025-09-21 13:00:53 [main] INFO  o.a.catalina.core.StandardEngine - Starting Servlet engine: [Apache Tomcat/10.1.33]
2025-09-21 13:00:53 [main] INFO  o.a.c.c.C.[Tomcat].[localhost].[/] - Initializing Spring embedded WebApplicationContext
2025-09-21 13:00:53 [main] INFO  org.flywaydb.core.FlywayExecutor - Database: jdbc:mysql://localhost:3306/smartrent (MySQL 8.0)
2025-09-21 13:00:54 [main] INFO  o.f.core.internal.command.DbValidate - Successfully validated 8 migrations (execution time 00:00.024s)
2025-09-21 13:00:54 [main] INFO  o.f.core.internal.command.DbMigrate - Current version of schema `smartrent`: 8
2025-09-21 13:00:54 [main] INFO  o.f.core.internal.command.DbMigrate - Schema `smartrent` is up to date. No migration necessary.
2025-09-21 13:00:54 [main] WARN  org.hibernate.orm.deprecation - HHH90000025: MySQL8Dialect does not need to be specified explicitly using 'hibernate.dialect' (remove the property setting and it will be selected by default)
2025-09-21 13:00:54 [main] WARN  org.hibernate.orm.deprecation - HHH90000026: MySQL8Dialect has been deprecated; use org.hibernate.dialect.MySQLDialect instead
2025-09-21 13:00:55 [main] INFO  c.s.c.c.CircuitBreakerConfig - Circuit breaker configuration loaded: failureRateThreshold=60%, waitDurationInOpenState=120s, slidingWindowSize=20, minimumNumberOfCalls=10, permittedCallsInHalfOpen=5, timeoutDuration=15s
2025-09-21 13:00:56 [main] INFO  c.s.s.e.i.ResilientEmailServiceImpl - Email retry configuration loaded: maxAttempts=3, baseWaitDuration=2000ms, exponentialMultiplier=2.0, jitterPercentage=0.25, minWaitDuration=1000ms
2025-09-21 13:00:59 [main] INFO  com.smartrent.SmartRentApplication - Started SmartRentApplication in 8.006 seconds (process running for 8.434)
2025-09-21 13:00:59 [RMI TCP Connection(4)-192.168.1.11] INFO  o.a.c.c.C.[Tomcat].[localhost].[/] - Initializing Spring DispatcherServlet 'dispatcherServlet'
2025-09-21 13:01:21 [http-nio-8080-exec-9] INFO  o.s.api.AbstractOpenApiResource - Init duration for springdoc-openapi is: 440 ms
2025-09-21 14:04:49 [main] INFO  com.smartrent.SmartRentApplication - Starting SmartRentApplication using Java 17.0.16 with PID 9128 (D:\DEV\DATN\smartrent-backend\smart-rent\build\classes\java\main started by ZjnT in D:\DEV\DATN\smartrent-backend)
2025-09-21 14:04:49 [main] INFO  com.smartrent.SmartRentApplication - The following 1 profile is active: "local"
2025-09-21 14:04:51 [main] INFO  o.a.catalina.core.StandardService - Starting service [Tomcat]
2025-09-21 14:04:51 [main] INFO  o.a.catalina.core.StandardEngine - Starting Servlet engine: [Apache Tomcat/10.1.33]
2025-09-21 14:04:51 [main] INFO  o.a.c.c.C.[Tomcat].[localhost].[/] - Initializing Spring embedded WebApplicationContext
2025-09-21 14:04:51 [main] INFO  org.flywaydb.core.FlywayExecutor - Database: jdbc:mysql://localhost:3306/smartrent (MySQL 8.0)
2025-09-21 14:04:51 [main] INFO  o.f.core.internal.command.DbValidate - Successfully validated 8 migrations (execution time 00:00.024s)
2025-09-21 14:04:51 [main] INFO  o.f.core.internal.command.DbMigrate - Current version of schema `smartrent`: 8
2025-09-21 14:04:51 [main] INFO  o.f.core.internal.command.DbMigrate - Schema `smartrent` is up to date. No migration necessary.
2025-09-21 14:04:52 [main] WARN  org.hibernate.orm.deprecation - HHH90000025: MySQL8Dialect does not need to be specified explicitly using 'hibernate.dialect' (remove the property setting and it will be selected by default)
2025-09-21 14:04:52 [main] WARN  org.hibernate.orm.deprecation - HHH90000026: MySQL8Dialect has been deprecated; use org.hibernate.dialect.MySQLDialect instead
2025-09-21 14:04:53 [main] INFO  c.s.c.c.CircuitBreakerConfig - Circuit breaker configuration loaded: failureRateThreshold=60%, waitDurationInOpenState=120s, slidingWindowSize=20, minimumNumberOfCalls=10, permittedCallsInHalfOpen=5, timeoutDuration=15s
2025-09-21 14:04:54 [main] INFO  c.s.s.e.i.ResilientEmailServiceImpl - Email retry configuration loaded: maxAttempts=3, baseWaitDuration=2000ms, exponentialMultiplier=2.0, jitterPercentage=0.25, minWaitDuration=1000ms
2025-09-21 14:04:57 [http-nio-8080-exec-3] INFO  o.a.c.c.C.[Tomcat].[localhost].[/] - Initializing Spring DispatcherServlet 'dispatcherServlet'
2025-09-21 14:04:57 [main] INFO  com.smartrent.SmartRentApplication - Started SmartRentApplication in 8.54 seconds (process running for 9.106)
2025-09-21 14:04:58 [http-nio-8080-exec-3] INFO  c.s.s.e.i.ResilientEmailServiceImpl - Email sent successfully to: [com.smartrent.infra.connector.model.EmailInfo@5a6b585e] with response: com.smartrent.infra.connector.model.EmailResponse@ef1ac44 on attempt 1
